<!DOCTYPE html>
<!-- saved from url=(0150)https://output.circle-artifacts.com/output/job/e0e55c0c-6f53-4fb3-8a61-18e8ec11dfe4/artifacts/0/app/src/reports/2024-11-08-03-12/2024-11-08-03-12.html -->
<html><head><meta http-equiv="Content-Type" content="text/html; charset=UTF-8">
		<!--
			ExtentReports Library 2.41.1 | http://relevantcodes.com/extentreports-for-selenium/ | https://github.com/anshooarora/
			Copyright (c) 2015, Anshoo Arora (Relevant Codes) | Copyrights licensed under the New BSD License | http://opensource.org/licenses/BSD-3-Clause
			Documentation: http://extentreports.relevantcodes.com 
		-->

		 
		<meta name="description" content="ExtentReports (by Anshoo Arora) is a reporting library for automation testing for .NET and Java. It creates detailed and beautiful HTML reports for modern browsers. ExtentReports shows test and step summary along with dashboards, system and environment details for quick analysis of your tests.">
		<meta name="robots" content="noodp, noydir">
		<meta name="viewport" content="width=device-width, initial-scale=1">
		<meta name="extentx" id="extentx" content="">
		
		<title> ExtentReports 2.0 </title>
		
		
		<link href="08-11-2024UatPackNew_files/css" rel="stylesheet" type="text/css">
		<link href="08-11-2024UatPackNew_files/extent.css" type="text/css" rel="stylesheet">
		
		<style>
				
            
                
            
        
		</style>
	</head>
	
	
	<body class="extent default standard hide-overflow">
		<!-- nav -->
		<nav>
			<div class="logo-container blue darken-2">
				<a class="logo-content" href="http://extentreports.relevantcodes.com/">
					<span>ExtentReports</span>
				</a>
				<a href="https://output.circle-artifacts.com/output/job/e0e55c0c-6f53-4fb3-8a61-18e8ec11dfe4/artifacts/0/app/src/reports/2024-11-08-03-12/2024-11-08-03-12.html#" data-activates="slide-out" class="button-collapse hide-on-large-only"><i class="mdi-navigation-apps"></i></a>
			</div>
			<ul id="slide-out" class="side-nav fixed hide-on-med-and-down">
				<li class="analysis waves-effect active"><a href="https://output.circle-artifacts.com/output/job/e0e55c0c-6f53-4fb3-8a61-18e8ec11dfe4/artifacts/0/app/src/reports/2024-11-08-03-12/2024-11-08-03-12.html#!" class="test-view" onclick="_updateCurrentStage(0)"><i class="mdi-action-dashboard"></i>Test Details</a></li>
					<li class="analysis waves-effect"><a href="https://output.circle-artifacts.com/output/job/e0e55c0c-6f53-4fb3-8a61-18e8ec11dfe4/artifacts/0/app/src/reports/2024-11-08-03-12/2024-11-08-03-12.html#!" class="exceptions-view" onclick="_updateCurrentStage(2)"><i class="mdi-action-bug-report"></i>Exceptions</a></li>
				<li class="analysis waves-effect">
					<a href="https://output.circle-artifacts.com/output/job/e0e55c0c-6f53-4fb3-8a61-18e8ec11dfe4/artifacts/0/app/src/reports/2024-11-08-03-12/2024-11-08-03-12.html#!" onclick="_updateCurrentStage(-1)" class="dashboard-view"><i class="mdi-action-track-changes"></i>Analysis</a>
				</li>
			</ul>
			<span class="report-name">Automation Report</span> <span class="report-headline"></span>
			<ul class="right hide-on-med-and-down nav-right">
				<li class="theme-selector" alt="Click to toggle dark theme. To enable by default, use js configuration $(&quot;body&quot;).addClass(&quot;dark&quot;);" title="Click to toggle dark theme. To enable by default, use js configuration $(&quot;body&quot;).addClass(&quot;dark&quot;);">
					<i class="mdi-hardware-desktop-windows"></i>
				</li>
				<li>
					<span class="suite-started-time">2024-11-08 03:55:32</span>
				</li>
				<li>
					<span>v2.41.1</span>
				</li>
			</ul>
		</nav>
		<!-- /nav -->
		
		<!-- container -->
		<div class="container">
			
			<!-- dashboard -->
			<div id="dashboard-view" class="row hide">
				<div class="time-totals">
					<div class="col l2 m4 s6">
						<div class="card suite-total-tests"> 
							<span class="panel-name">Total Tests</span> 
							<span class="total-tests"> <span class="panel-lead">36</span> </span> 
						</div> 
					</div>
					<div class="col l2 m4 s6">
						<div class="card suite-total-steps"> 
							<span class="panel-name">Total Steps</span> 
							<span class="total-steps"> <span class="panel-lead">160</span> </span> 
						</div> 
					</div>
					<div class="col l2 m4 s12">
						<div class="card suite-total-time-current"> 
							<span class="panel-name">Total Time Taken (Current Run)</span> 
							<span class="suite-total-time-current-value panel-lead">0h 43m 19s+594ms</span> 
						</div> 
					</div>
					<div class="col l2 m4 s12">
						<div class="card suite-total-time-overall"> 
							<span class="panel-name">Total Time Taken (Overall)</span> 
							<span class="suite-total-time-overall-value panel-lead">0h 43m 19s+594ms</span> 
						</div> 
					</div>
					<div class="col l2 m4 s6 suite-start-time">
						<div class="card accent green-accent"> 
							<span class="panel-name">Start</span> 
							<span class="panel-lead suite-started-time">2024-11-08 03:12:13</span> 
						</div> 
					</div>
					<div class="col l2 m4 s6 suite-end-time">
						<div class="card accent pink-accent"> 
							<span class="panel-name">End</span> 
							<span class="panel-lead suite-ended-time">2024-11-08 03:55:32</span> 
						</div> 
					</div>
				</div>
				<div class="charts">
					<div class="col s12 m6 l4 fh"> 
						<div class="card-panel"> 
							<div>
								<span class="panel-name">Tests View</span>
							</div> 
							<div class="panel-setting modal-trigger test-count-setting right">
								<a href="https://output.circle-artifacts.com/output/job/e0e55c0c-6f53-4fb3-8a61-18e8ec11dfe4/artifacts/0/app/src/reports/2024-11-08-03-12/2024-11-08-03-12.html#test-count-setting"><i class="mdi-navigation-more-vert text-md"></i></a>
							</div> 
							<div class="chart-box">
								<canvas class="text-centered" id="test-analysis" width="240" height="195" style="width: 160px; height: 130px;"></canvas><ul class="doughnut-legend right"><li><span style="background-color:#00af00"></span>Pass</li><li><span style="background-color:#F7464A"></span>Fail</li><li></li><li></li><li></li><li></li><li></li></ul><ul class="doughnut-legend right"></ul>
							</div> 
							<div>
								<span class="weight-light"><span class="t-pass-count weight-normal">27</span> test(s) passed</span>
							</div> 
							<div>
								<span class="weight-light"><span class="t-fail-count weight-normal">9</span> test(s) failed, <span class="t-others-count weight-normal">0</span> others</span>
							</div> 
						</div> 
					</div> 
					<div class="col s12 m6 l4 fh"> 
						<div class="card-panel"> 
							<div>
								<span class="panel-name">Steps View</span>
							</div> 
							<div class="panel-setting modal-trigger step-status-filter right">
								<a href="https://output.circle-artifacts.com/output/job/e0e55c0c-6f53-4fb3-8a61-18e8ec11dfe4/artifacts/0/app/src/reports/2024-11-08-03-12/2024-11-08-03-12.html#step-status-filter"><i class="mdi-navigation-more-vert text-md"></i></a>
							</div> 
							<div class="chart-box">
								<canvas class="text-centered" id="step-analysis" width="240" height="195" style="width: 160px; height: 130px;"></canvas><ul class="doughnut-legend right"><li><span style="background-color:#00af00"></span>Pass</li><li></li><li><span style="background-color:#F7464A"></span>Fail</li><li></li><li></li><li></li><li></li><li></li></ul><ul class="doughnut-legend right"></ul>
							</div> 
							<div>
								<span class="weight-light"><span class="s-pass-count weight-normal">133</span> step(s) passed </span>
							</div> 
							<div>
								<span class="weight-light"><span class="s-fail-count weight-normal">27</span> step(s) failed, <span class="s-others-count weight-normal">0</span> others</span>
							</div> 
						</div> 
					</div>
					<div class="col s12 m12 l4 fh"> 
						<div class="card-panel"> 
							<span class="panel-name">Pass Percentage</span> 
							<span class="pass-percentage panel-lead">75%</span> 
							<div class="progress light-blue lighten-3"> 
								<div class="determinate light-blue" style="width:75%"></div> 
							</div> 
						</div> 
					</div>
				</div>
				<div class="system-view">
					<div class="col l4 m12 s12">
						<div class="card-panel">
							<span class="label info outline right">Environment</span>
							<table>
								<thead>
									<tr>
										<th>Param</th>
										<th>Value</th>
									</tr>
								</thead>
								<tbody>
										<tr>
											<td>User Name</td>
											<td>root</td>
										</tr>
										<tr>
											<td>OS</td>
											<td>Linux</td>
										</tr>
										<tr>
											<td>Java Version</td>
											<td>17.0.13</td>
										</tr>
										<tr>
											<td>Host Name</td>
											<td>c87d0f9ea697</td>
										</tr>
								</tbody>
							</table>
						</div>
					</div>
				</div>
			</div>
			<!-- /dashboard -->
			
			<!-- tests -->
			<div id="test-view" class="row _addedTable">
				<div class="col _addedCell1" style="resize: horizontal; height: 535px;">
					<div class="contents" style="height: 520px;">
						<div class="card-panel heading">
							<h5>Tests</h5>
						</div>
						<div class="card-panel filters">
							<div>
								<a class="dropdown-button btn-floating btn-small waves-effect waves-light grey tests-toggle" data-activates="tests-toggle" data-constrainwidth="true" data-beloworigin="true" data-hover="true" href="https://output.circle-artifacts.com/output/job/e0e55c0c-6f53-4fb3-8a61-18e8ec11dfe4/artifacts/0/app/src/reports/2024-11-08-03-12/2024-11-08-03-12.html#">
									<i class="mdi-action-reorder"></i>
								</a><ul id="tests-toggle" class="dropdown-content">
									<li class="pass"><a href="https://output.circle-artifacts.com/output/job/e0e55c0c-6f53-4fb3-8a61-18e8ec11dfe4/artifacts/0/app/src/reports/2024-11-08-03-12/2024-11-08-03-12.html#!">Pass</a></li>
									<li class="fail"><a href="https://output.circle-artifacts.com/output/job/e0e55c0c-6f53-4fb3-8a61-18e8ec11dfe4/artifacts/0/app/src/reports/2024-11-08-03-12/2024-11-08-03-12.html#!">Fail</a></li>
									<li class="skip"><a href="https://output.circle-artifacts.com/output/job/e0e55c0c-6f53-4fb3-8a61-18e8ec11dfe4/artifacts/0/app/src/reports/2024-11-08-03-12/2024-11-08-03-12.html#!">Skip</a></li>
									<li class="divider"></li>
									<li class="clear"><a href="https://output.circle-artifacts.com/output/job/e0e55c0c-6f53-4fb3-8a61-18e8ec11dfe4/artifacts/0/app/src/reports/2024-11-08-03-12/2024-11-08-03-12.html#!">Clear Filters</a></li>
								</ul>
								
							</div>
							<div>
								<a class="btn-floating btn-small waves-effect waves-light grey" id="clear-filters" alt="Clear Filters" title="Clear Filters">
									<i class="mdi-navigation-close"></i>
								</a>
							</div>
							<div>
								<a class="btn-floating btn-small waves-effect waves-light grey" id="enableDashboard" alt="Enable Dashboard" title="Enable Dashboard">
									<i class="mdi-action-track-changes"></i>
								</a>
							</div>
							<div>
								<a class="btn-floating btn-small waves-effect waves-light blue enabled" id="refreshCharts" alt="Refresh Charts on Filters" title="Refresh Charts on Filters">
									<i class="mdi-navigation-refresh active"></i>
								</a>
							</div>
							<div class="search" alt="Search Tests" title="Search Tests">
								<div class="input-field left">
									<input id="searchTests" type="text" class="validate" placeholder="Search Tests...">
								</div>
								<a href="https://output.circle-artifacts.com/output/job/e0e55c0c-6f53-4fb3-8a61-18e8ec11dfe4/artifacts/0/app/src/reports/2024-11-08-03-12/2024-11-08-03-12.html#" class="btn-floating btn-small waves-effect waves-light grey">
									<i class="mdi-action-search"></i>
								</a>
							</div>
						</div>
						<div class="card-panel no-padding-h no-padding-v no-margin-v">
							<div class="wrapper">
								<ul id="test-collection" class="test-collection">
										<li class="collection-item test displayed pass active" extentid="07cd30bc-ef79-47be-9135-d30926de5428">
											<div class="test-head">
												<span class="test-name">C185060_Televital_BP_WeightData </span>
												<span class="test-status label right outline capitalize pass">pass</span>
												<span class="category-assigned hide "></span>
											</div>
											<div class="test-body">
												<div class="test-info">
													<span title="Test started time" alt="Test started time" class="test-started-time label green lighten-1 text-white">2024-11-08 03:12:13</span>
													<span title="Test ended time" alt="Test ended time" class="test-ended-time label red lighten-1 text-white">2024-11-08 03:12:23</span>
													<span title="Time taken to finish" alt="Time taken to finish" class="test-time-taken label blue-grey lighten-3 text-white">0h 0m 10s+88ms</span>
												</div>
												<div class="test-desc"></div>
												<div class="test-attributes">
												</div>
												<div class="test-steps">
													<table class="bordered table-results">
														<thead>
															<tr>
																<th>Status</th>
																<th>Timestamp</th>
																<th>Details</th>
															</tr>
														</thead>
														<tbody>
																<tr>
																	<td class="status pass" title="pass" alt="pass"><i class="mdi-action-check-circle"></i></td>
																	<td class="timestamp">03:12:18</td>
																	<td class="step-details">Step No: 1 - PASS - Login to Provider -- executed successfully</td>
																</tr>
																<tr>
																	<td class="status pass" title="pass" alt="pass"><i class="mdi-action-check-circle"></i></td>
																	<td class="timestamp">03:12:21</td>
																	<td class="step-details">Step No: 2 - PASS - Validating the Televital data -- executed successfully</td>
																</tr>
																<tr>
																	<td class="status pass" title="pass" alt="pass"><i class="mdi-action-check-circle"></i></td>
																	<td class="timestamp">03:12:23</td>
																	<td class="step-details">PASS-Test case Executed Successfully</td>
																</tr>
														</tbody>
													</table>
													<ul class="collapsible node-list" data-collapsible="accordion">
													</ul>
												</div>
											</div>
										</li>
										<li class="collection-item test displayed pass" extentid="bf31bf1a-caff-48c5-8a2e-631e6d1eabde">
											<div class="test-head">
												<span class="test-name">C2613_IHAdmin_ProviderCreationWithMultiOrg </span>
												<span class="test-status label right outline capitalize pass">pass</span>
												<span class="category-assigned hide "></span>
											</div>
											<div class="test-body">
												<div class="test-info">
													<span title="Test started time" alt="Test started time" class="test-started-time label green lighten-1 text-white">2024-11-08 03:12:26</span>
													<span title="Test ended time" alt="Test ended time" class="test-ended-time label red lighten-1 text-white">2024-11-08 03:13:19</span>
													<span title="Time taken to finish" alt="Time taken to finish" class="test-time-taken label blue-grey lighten-3 text-white">0h 0m 52s+753ms</span>
												</div>
												<div class="test-desc"></div>
												<div class="test-attributes">
												</div>
												<div class="test-steps">
													<table class="bordered table-results">
														<thead>
															<tr>
																<th>Status</th>
																<th>Timestamp</th>
																<th>Details</th>
															</tr>
														</thead>
														<tbody>
																<tr>
																	<td class="status pass" title="pass" alt="pass"><i class="mdi-action-check-circle"></i></td>
																	<td class="timestamp">03:12:32</td>
																	<td class="step-details">Step No: 3 - PASS - Login to IHAdmin -- executed successfully</td>
																</tr>
																<tr>
																	<td class="status pass" title="pass" alt="pass"><i class="mdi-action-check-circle"></i></td>
																	<td class="timestamp">03:13:14</td>
																	<td class="step-details">Step No: 4 - PASS - Provider creation from IH admin -- executed successfully</td>
																</tr>
																<tr>
																	<td class="status pass" title="pass" alt="pass"><i class="mdi-action-check-circle"></i></td>
																	<td class="timestamp">03:13:17</td>
																	<td class="step-details">Step No: 5 - PASS - Logout from IHadmin -- executed successfully</td>
																</tr>
																<tr>
																	<td class="status pass" title="pass" alt="pass"><i class="mdi-action-check-circle"></i></td>
																	<td class="timestamp">03:13:19</td>
																	<td class="step-details">PASS-Test case Executed Successfully</td>
																</tr>
														</tbody>
													</table>
													<ul class="collapsible node-list" data-collapsible="accordion">
													</ul>
												</div>
											</div>
										</li>
										<li class="collection-item test displayed pass" extentid="ee51c1a5-c451-4384-9f06-b68867863b32">
											<div class="test-head">
												<span class="test-name">C58173_Provider_ValidateAthenaPatientSettings </span>
												<span class="test-status label right outline capitalize pass">pass</span>
												<span class="category-assigned hide "></span>
											</div>
											<div class="test-body">
												<div class="test-info">
													<span title="Test started time" alt="Test started time" class="test-started-time label green lighten-1 text-white">2024-11-08 03:13:22</span>
													<span title="Test ended time" alt="Test ended time" class="test-ended-time label red lighten-1 text-white">2024-11-08 03:14:14</span>
													<span title="Time taken to finish" alt="Time taken to finish" class="test-time-taken label blue-grey lighten-3 text-white">0h 0m 52s+141ms</span>
												</div>
												<div class="test-desc"></div>
												<div class="test-attributes">
												</div>
												<div class="test-steps">
													<table class="bordered table-results">
														<thead>
															<tr>
																<th>Status</th>
																<th>Timestamp</th>
																<th>Details</th>
															</tr>
														</thead>
														<tbody>
																<tr>
																	<td class="status pass" title="pass" alt="pass"><i class="mdi-action-check-circle"></i></td>
																	<td class="timestamp">03:13:28</td>
																	<td class="step-details">Step No: 6 - PASS - Login to Provider -- executed successfully</td>
																</tr>
																<tr>
																	<td class="status pass" title="pass" alt="pass"><i class="mdi-action-check-circle"></i></td>
																	<td class="timestamp">03:14:08</td>
																	<td class="step-details">Step No: 7 - PASS - Edit Patients Details -- executed successfully</td>
																</tr>
																<tr>
																	<td class="status pass" title="pass" alt="pass"><i class="mdi-action-check-circle"></i></td>
																	<td class="timestamp">03:14:11</td>
																	<td class="step-details">Step No: 8 - PASS - get  Access Token -- executed successfully</td>
																</tr>
																<tr>
																	<td class="status pass" title="pass" alt="pass"><i class="mdi-action-check-circle"></i></td>
																	<td class="timestamp">03:14:14</td>
																	<td class="step-details">PASS-Test case Executed Successfully</td>
																</tr>
														</tbody>
													</table>
													<ul class="collapsible node-list" data-collapsible="accordion">
													</ul>
												</div>
											</div>
										</li>
										<li class="collection-item test displayed fail" extentid="bbf19619-040a-48a8-881c-7ed66a6a0722">
											<div class="test-head">
												<span class="test-name">C134871_Provider_ValidateAthenaPatientVitals </span>
												<span class="test-status label right outline capitalize fail">fail</span>
												<span class="category-assigned hide "></span>
											</div>
											<div class="test-body">
												<div class="test-info">
													<span title="Test started time" alt="Test started time" class="test-started-time label green lighten-1 text-white">2024-11-08 03:14:17</span>
													<span title="Test ended time" alt="Test ended time" class="test-ended-time label red lighten-1 text-white">2024-11-08 03:16:30</span>
													<span title="Time taken to finish" alt="Time taken to finish" class="test-time-taken label blue-grey lighten-3 text-white">0h 2m 12s+930ms</span>
												</div>
												<div class="test-desc"></div>
												<div class="test-attributes">
												</div>
												<div class="test-steps">
													<table class="bordered table-results">
														<thead>
															<tr>
																<th>Status</th>
																<th>Timestamp</th>
																<th>Details</th>
															</tr>
														</thead>
														<tbody>
																<tr>
																	<td class="status pass" title="pass" alt="pass"><i class="mdi-action-check-circle"></i></td>
																	<td class="timestamp">03:14:22</td>
																	<td class="step-details">Step No: 9 - PASS - Login to Provider -- executed successfully</td>
																</tr>
																<tr>
																	<td class="status pass" title="pass" alt="pass"><i class="mdi-action-check-circle"></i></td>
																	<td class="timestamp">03:14:26</td>
																	<td class="step-details">Step No: 10 - PASS - Login to New Patient via API -- executed successfully</td>
																</tr>
																<tr>
																	<td class="status pass" title="pass" alt="pass"><i class="mdi-action-check-circle"></i></td>
																	<td class="timestamp">03:15:34</td>
																	<td class="step-details">Step No: 11 - PASS - Add vitals to patient from Provider -- executed successfully</td>
																</tr>
																<tr>
																	<td class="status fail" title="fail" alt="fail"><i class="mdi-navigation-cancel"></i></td>
																	<td class="timestamp">03:16:29</td>
																	<td class="step-details">FAIL - Add vitals to patient from Provider</td>
																</tr>
																<tr>
																	<td class="status fail" title="fail" alt="fail"><i class="mdi-navigation-cancel"></i></td>
																	<td class="timestamp">03:16:29</td>
																	<td class="step-details"><pre>java.lang.AssertionError: Unable to locate the element
	at org.testng.Assert.fail(Assert.java:93)
	at Pages.WebAction.element(WebAction.java:1314)
	at Pages.ProviderAppointmentsPage.clickNewAppointment(ProviderAppointmentsPage.java:76)
	at AthenaAPI.C134871_Provider_ValidateAthenaPatientVitals.validatePatientVitals(C134871_Provider_ValidateAthenaPatientVitals.java:54)
	at java.base/jdk.internal.reflect.NativeMethodAccessorImpl.invoke0(Native Method)
	at java.base/jdk.internal.reflect.NativeMethodAccessorImpl.invoke(NativeMethodAccessorImpl.java:77)
	at java.base/jdk.internal.reflect.DelegatingMethodAccessorImpl.invoke(DelegatingMethodAccessorImpl.java:43)
	at java.base/java.lang.reflect.Method.invoke(Method.java:569)
	at org.testng.internal.MethodInvocationHelper.invokeMethod(MethodInvocationHelper.java:108)
	at org.testng.internal.Invoker.invokeMethod(Invoker.java:661)
	at org.testng.internal.Invoker.invokeTestMethod(Invoker.java:869)
	at org.testng.internal.Invoker.invokeTestMethods(Invoker.java:1193)
	at org.testng.internal.TestMethodWorker.invokeTestMethods(TestMethodWorker.java:126)
	at org.testng.internal.TestMethodWorker.run(TestMethodWorker.java:109)
	at org.testng.TestRunner.privateRun(TestRunner.java:744)
	at org.testng.TestRunner.run(TestRunner.java:602)
	at org.testng.SuiteRunner.runTest(SuiteRunner.java:380)
	at org.testng.SuiteRunner.runSequentially(SuiteRunner.java:375)
	at org.testng.SuiteRunner.privateRun(SuiteRunner.java:340)
	at org.testng.SuiteRunner.run(SuiteRunner.java:289)
	at org.testng.SuiteRunnerWorker.runSuite(SuiteRunnerWorker.java:52)
	at org.testng.SuiteRunnerWorker.run(SuiteRunnerWorker.java:86)
	at org.testng.TestNG.runSuitesSequentially(TestNG.java:1301)
	at org.testng.TestNG.runSuitesLocally(TestNG.java:1226)
	at org.testng.TestNG.runSuites(TestNG.java:1144)
	at org.testng.TestNG.run(TestNG.java:1115)
	at Framework.TestNGXML.xml(TestNGXML.java:184)
	at Framework.TestNGXML.main(TestNGXML.java:203)
	at java.base/jdk.internal.reflect.NativeMethodAccessorImpl.invoke0(Native Method)
	at java.base/jdk.internal.reflect.NativeMethodAccessorImpl.invoke(NativeMethodAccessorImpl.java:77)
	at java.base/jdk.internal.reflect.DelegatingMethodAccessorImpl.invoke(DelegatingMethodAccessorImpl.java:43)
	at java.base/java.lang.reflect.Method.invoke(Method.java:569)
	at org.codehaus.mojo.exec.ExecJavaMojo$1.run(ExecJavaMojo.java:282)
	at java.base/java.lang.Thread.run(Thread.java:840)
</pre></td>
																</tr>
																<tr>
																	<td class="status fail" title="fail" alt="fail"><i class="mdi-navigation-cancel"></i></td>
																	<td class="timestamp">03:16:30</td>
																	<td class="step-details">Snapshot below: C134871_Provider_ValidateAthenaPatientVitals.validatePatientVitals(java.lang.String)[pri:0, instance:AthenaAPI.C134871_Provider_ValidateAthenaPatientVitals@5f554abb]<a href="08-11-2024UatPackNew_files/validatePatientVitals_2024-11-08-03-16-29.png" data-featherlight="image"><img class="report-img" src="08-11-2024UatPackNew_files/validatePatientVitals_2024-11-08-03-16-29.png"></a></td>
																</tr>
														</tbody>
													</table>
													<ul class="collapsible node-list" data-collapsible="accordion">
													</ul>
												</div>
											</div>
										</li>
										<li class="collection-item test displayed pass" extentid="44eaf2e8-6f75-412f-bf93-1327ef9ea704">
											<div class="test-head">
												<span class="test-name">C2494_View and Validate Appointment page </span>
												<span class="test-status label right outline capitalize pass">pass</span>
												<span class="category-assigned hide "></span>
											</div>
											<div class="test-body">
												<div class="test-info">
													<span title="Test started time" alt="Test started time" class="test-started-time label green lighten-1 text-white">2024-11-08 03:16:32</span>
													<span title="Test ended time" alt="Test ended time" class="test-ended-time label red lighten-1 text-white">2024-11-08 03:17:13</span>
													<span title="Time taken to finish" alt="Time taken to finish" class="test-time-taken label blue-grey lighten-3 text-white">0h 0m 40s+650ms</span>
												</div>
												<div class="test-desc"></div>
												<div class="test-attributes">
												</div>
												<div class="test-steps">
													<table class="bordered table-results">
														<thead>
															<tr>
																<th>Status</th>
																<th>Timestamp</th>
																<th>Details</th>
															</tr>
														</thead>
														<tbody>
																<tr>
																	<td class="status pass" title="pass" alt="pass"><i class="mdi-action-check-circle"></i></td>
																	<td class="timestamp">03:16:38</td>
																	<td class="step-details">Step No: 12 - PASS - Login to Provider -- executed successfully</td>
																</tr>
																<tr>
																	<td class="status pass" title="pass" alt="pass"><i class="mdi-action-check-circle"></i></td>
																	<td class="timestamp">03:17:08</td>
																	<td class="step-details">Step No: 13 - PASS - View and Validate Appointment page -- executed successfully</td>
																</tr>
																<tr>
																	<td class="status pass" title="pass" alt="pass"><i class="mdi-action-check-circle"></i></td>
																	<td class="timestamp">03:17:11</td>
																	<td class="step-details">Step No: 14 - PASS - Logout from provider -- executed successfully</td>
																</tr>
																<tr>
																	<td class="status pass" title="pass" alt="pass"><i class="mdi-action-check-circle"></i></td>
																	<td class="timestamp">03:17:13</td>
																	<td class="step-details">PASS-Test case Executed Successfully</td>
																</tr>
														</tbody>
													</table>
													<ul class="collapsible node-list" data-collapsible="accordion">
													</ul>
												</div>
											</div>
										</li>
										<li class="collection-item test displayed fail" extentid="137c13e7-4707-481c-8343-bb078a663147">
											<div class="test-head">
												<span class="test-name">C146548_IHAdmin_Validation_AthenaOrgSettings </span>
												<span class="test-status label right outline capitalize fail">fail</span>
												<span class="category-assigned hide "></span>
											</div>
											<div class="test-body">
												<div class="test-info">
													<span title="Test started time" alt="Test started time" class="test-started-time label green lighten-1 text-white">2024-11-08 03:17:16</span>
													<span title="Test ended time" alt="Test ended time" class="test-ended-time label red lighten-1 text-white">2024-11-08 03:17:57</span>
													<span title="Time taken to finish" alt="Time taken to finish" class="test-time-taken label blue-grey lighten-3 text-white">0h 0m 41s+650ms</span>
												</div>
												<div class="test-desc"></div>
												<div class="test-attributes">
												</div>
												<div class="test-steps">
													<table class="bordered table-results">
														<thead>
															<tr>
																<th>Status</th>
																<th>Timestamp</th>
																<th>Details</th>
															</tr>
														</thead>
														<tbody>
																<tr>
																	<td class="status pass" title="pass" alt="pass"><i class="mdi-action-check-circle"></i></td>
																	<td class="timestamp">03:17:21</td>
																	<td class="step-details">Step No: 15 - PASS - Login to IHadmin -- executed successfully</td>
																</tr>
																<tr>
																	<td class="status fail" title="fail" alt="fail"><i class="mdi-navigation-cancel"></i></td>
																	<td class="timestamp">03:17:57</td>
																	<td class="step-details">FAIL - Validate Athena Toggle and Department</td>
																</tr>
																<tr>
																	<td class="status fail" title="fail" alt="fail"><i class="mdi-navigation-cancel"></i></td>
																	<td class="timestamp">03:17:57</td>
																	<td class="step-details"><pre>java.lang.AssertionError: Unable to locate the element
	at org.testng.Assert.fail(Assert.java:93)
	at Pages.WebAction.dynamicElement(WebAction.java:1416)
	at Pages.IHAdminOrganizationSettingsPage.selectOrganization(IHAdminOrganizationSettingsPage.java:29)
	at IHAdmin.C146548_IHAdmin_Validation_AthenaOrgSettings.validatedAthenaInOrgSettings(C146548_IHAdmin_Validation_AthenaOrgSettings.java:25)
	at java.base/jdk.internal.reflect.NativeMethodAccessorImpl.invoke0(Native Method)
	at java.base/jdk.internal.reflect.NativeMethodAccessorImpl.invoke(NativeMethodAccessorImpl.java:77)
	at java.base/jdk.internal.reflect.DelegatingMethodAccessorImpl.invoke(DelegatingMethodAccessorImpl.java:43)
	at java.base/java.lang.reflect.Method.invoke(Method.java:569)
	at org.testng.internal.MethodInvocationHelper.invokeMethod(MethodInvocationHelper.java:108)
	at org.testng.internal.Invoker.invokeMethod(Invoker.java:661)
	at org.testng.internal.Invoker.invokeTestMethod(Invoker.java:869)
	at org.testng.internal.Invoker.invokeTestMethods(Invoker.java:1193)
	at org.testng.internal.TestMethodWorker.invokeTestMethods(TestMethodWorker.java:126)
	at org.testng.internal.TestMethodWorker.run(TestMethodWorker.java:109)
	at org.testng.TestRunner.privateRun(TestRunner.java:744)
	at org.testng.TestRunner.run(TestRunner.java:602)
	at org.testng.SuiteRunner.runTest(SuiteRunner.java:380)
	at org.testng.SuiteRunner.runSequentially(SuiteRunner.java:375)
	at org.testng.SuiteRunner.privateRun(SuiteRunner.java:340)
	at org.testng.SuiteRunner.run(SuiteRunner.java:289)
	at org.testng.SuiteRunnerWorker.runSuite(SuiteRunnerWorker.java:52)
	at org.testng.SuiteRunnerWorker.run(SuiteRunnerWorker.java:86)
	at org.testng.TestNG.runSuitesSequentially(TestNG.java:1301)
	at org.testng.TestNG.runSuitesLocally(TestNG.java:1226)
	at org.testng.TestNG.runSuites(TestNG.java:1144)
	at org.testng.TestNG.run(TestNG.java:1115)
	at Framework.TestNGXML.xml(TestNGXML.java:184)
	at Framework.TestNGXML.main(TestNGXML.java:203)
	at java.base/jdk.internal.reflect.NativeMethodAccessorImpl.invoke0(Native Method)
	at java.base/jdk.internal.reflect.NativeMethodAccessorImpl.invoke(NativeMethodAccessorImpl.java:77)
	at java.base/jdk.internal.reflect.DelegatingMethodAccessorImpl.invoke(DelegatingMethodAccessorImpl.java:43)
	at java.base/java.lang.reflect.Method.invoke(Method.java:569)
	at org.codehaus.mojo.exec.ExecJavaMojo$1.run(ExecJavaMojo.java:282)
	at java.base/java.lang.Thread.run(Thread.java:840)
</pre></td>
																</tr>
																<tr>
																	<td class="status fail" title="fail" alt="fail"><i class="mdi-navigation-cancel"></i></td>
																	<td class="timestamp">03:17:57</td>
																	<td class="step-details">Snapshot below: C146548_IHAdmin_Validation_AthenaOrgSettings.validatedAthenaInOrgSettings(java.lang.String)[pri:0, instance:IHAdmin.C146548_IHAdmin_Validation_AthenaOrgSettings@1b119ab2]<a href="08-11-2024UatPackNew_files/validatedAthenaInOrgSettings_2024-11-08-03-17-57.png" data-featherlight="image"><img class="report-img" src="08-11-2024UatPackNew_files/validatedAthenaInOrgSettings_2024-11-08-03-17-57.png"></a></td>
																</tr>
														</tbody>
													</table>
													<ul class="collapsible node-list" data-collapsible="accordion">
													</ul>
												</div>
											</div>
										</li>
										<li class="collection-item test displayed pass" extentid="a446a7a9-3618-4ce4-9998-65de12f51268">
											<div class="test-head">
												<span class="test-name">C146549_OrgAdmin_Validation_AthenaOrgSettings </span>
												<span class="test-status label right outline capitalize pass">pass</span>
												<span class="category-assigned hide "></span>
											</div>
											<div class="test-body">
												<div class="test-info">
													<span title="Test started time" alt="Test started time" class="test-started-time label green lighten-1 text-white">2024-11-08 03:18:00</span>
													<span title="Test ended time" alt="Test ended time" class="test-ended-time label red lighten-1 text-white">2024-11-08 03:18:32</span>
													<span title="Time taken to finish" alt="Time taken to finish" class="test-time-taken label blue-grey lighten-3 text-white">0h 0m 31s+963ms</span>
												</div>
												<div class="test-desc"></div>
												<div class="test-attributes">
												</div>
												<div class="test-steps">
													<table class="bordered table-results">
														<thead>
															<tr>
																<th>Status</th>
																<th>Timestamp</th>
																<th>Details</th>
															</tr>
														</thead>
														<tbody>
																<tr>
																	<td class="status pass" title="pass" alt="pass"><i class="mdi-action-check-circle"></i></td>
																	<td class="timestamp">03:18:05</td>
																	<td class="step-details">Step No: 16 - PASS - Login to OrgAdmin -- executed successfully</td>
																</tr>
																<tr>
																	<td class="status pass" title="pass" alt="pass"><i class="mdi-action-check-circle"></i></td>
																	<td class="timestamp">03:18:27</td>
																	<td class="step-details">Step No: 17 - PASS - Validate Athena Toggle and Department -- executed successfully</td>
																</tr>
																<tr>
																	<td class="status pass" title="pass" alt="pass"><i class="mdi-action-check-circle"></i></td>
																	<td class="timestamp">03:18:30</td>
																	<td class="step-details">Step No: 18 - PASS - Logout from IHadmin -- executed successfully</td>
																</tr>
																<tr>
																	<td class="status pass" title="pass" alt="pass"><i class="mdi-action-check-circle"></i></td>
																	<td class="timestamp">03:18:32</td>
																	<td class="step-details">PASS-Test case Executed Successfully</td>
																</tr>
														</tbody>
													</table>
													<ul class="collapsible node-list" data-collapsible="accordion">
													</ul>
												</div>
											</div>
										</li>
										<li class="collection-item test displayed pass" extentid="f9c03417-0921-49f9-8d7e-ae62be926140">
											<div class="test-head">
												<span class="test-name">C158400_IHAdmin_Validation_DomoEmbedSections </span>
												<span class="test-status label right outline capitalize pass">pass</span>
												<span class="category-assigned hide "></span>
											</div>
											<div class="test-body">
												<div class="test-info">
													<span title="Test started time" alt="Test started time" class="test-started-time label green lighten-1 text-white">2024-11-08 03:18:34</span>
													<span title="Test ended time" alt="Test ended time" class="test-ended-time label red lighten-1 text-white">2024-11-08 03:19:35</span>
													<span title="Time taken to finish" alt="Time taken to finish" class="test-time-taken label blue-grey lighten-3 text-white">0h 1m 0s+239ms</span>
												</div>
												<div class="test-desc"></div>
												<div class="test-attributes">
												</div>
												<div class="test-steps">
													<table class="bordered table-results">
														<thead>
															<tr>
																<th>Status</th>
																<th>Timestamp</th>
																<th>Details</th>
															</tr>
														</thead>
														<tbody>
																<tr>
																	<td class="status pass" title="pass" alt="pass"><i class="mdi-action-check-circle"></i></td>
																	<td class="timestamp">03:18:40</td>
																	<td class="step-details">Step No: 19 - PASS - Login to IHadmin -- executed successfully</td>
																</tr>
																<tr>
																	<td class="status pass" title="pass" alt="pass"><i class="mdi-action-check-circle"></i></td>
																	<td class="timestamp">03:19:30</td>
																	<td class="step-details">Step No: 20 - PASS - Validate domo Section -- executed successfully</td>
																</tr>
																<tr>
																	<td class="status pass" title="pass" alt="pass"><i class="mdi-action-check-circle"></i></td>
																	<td class="timestamp">03:19:33</td>
																	<td class="step-details">Step No: 21 - PASS - Logout from IHadmin -- executed successfully</td>
																</tr>
																<tr>
																	<td class="status pass" title="pass" alt="pass"><i class="mdi-action-check-circle"></i></td>
																	<td class="timestamp">03:19:35</td>
																	<td class="step-details">PASS-Test case Executed Successfully</td>
																</tr>
														</tbody>
													</table>
													<ul class="collapsible node-list" data-collapsible="accordion">
													</ul>
												</div>
											</div>
										</li>
										<li class="collection-item test displayed pass" extentid="e50a9c65-42a2-4b6c-b864-e139c9d92fd3">
											<div class="test-head">
												<span class="test-name">C147235_IHAdmin_PatientListTags_AddEdit </span>
												<span class="test-status label right outline capitalize pass">pass</span>
												<span class="category-assigned hide "></span>
											</div>
											<div class="test-body">
												<div class="test-info">
													<span title="Test started time" alt="Test started time" class="test-started-time label green lighten-1 text-white">2024-11-08 03:19:37</span>
													<span title="Test ended time" alt="Test ended time" class="test-ended-time label red lighten-1 text-white">2024-11-08 03:20:30</span>
													<span title="Time taken to finish" alt="Time taken to finish" class="test-time-taken label blue-grey lighten-3 text-white">0h 0m 52s+622ms</span>
												</div>
												<div class="test-desc"></div>
												<div class="test-attributes">
												</div>
												<div class="test-steps">
													<table class="bordered table-results">
														<thead>
															<tr>
																<th>Status</th>
																<th>Timestamp</th>
																<th>Details</th>
															</tr>
														</thead>
														<tbody>
																<tr>
																	<td class="status pass" title="pass" alt="pass"><i class="mdi-action-check-circle"></i></td>
																	<td class="timestamp">03:19:43</td>
																	<td class="step-details">Step No: 22 - PASS - Login to IHadmin -- executed successfully</td>
																</tr>
																<tr>
																	<td class="status pass" title="pass" alt="pass"><i class="mdi-action-check-circle"></i></td>
																	<td class="timestamp">03:20:10</td>
																	<td class="step-details">Step No: 23 - PASS - Add Patient List Tags -- executed successfully</td>
																</tr>
																<tr>
																	<td class="status pass" title="pass" alt="pass"><i class="mdi-action-check-circle"></i></td>
																	<td class="timestamp">03:20:28</td>
																	<td class="step-details">Step No: 24 - PASS - Logout from IHadmin -- executed successfully</td>
																</tr>
																<tr>
																	<td class="status pass" title="pass" alt="pass"><i class="mdi-action-check-circle"></i></td>
																	<td class="timestamp">03:20:30</td>
																	<td class="step-details">PASS-Test case Executed Successfully</td>
																</tr>
														</tbody>
													</table>
													<ul class="collapsible node-list" data-collapsible="accordion">
													</ul>
												</div>
											</div>
										</li>
										<li class="collection-item test displayed pass" extentid="bacfb38c-5107-45da-8d96-96e0be3bd36c">
											<div class="test-head">
												<span class="test-name">C158399_IHAdmin_Validate_DashboardList1 </span>
												<span class="test-status label right outline capitalize pass">pass</span>
												<span class="category-assigned hide "></span>
											</div>
											<div class="test-body">
												<div class="test-info">
													<span title="Test started time" alt="Test started time" class="test-started-time label green lighten-1 text-white">2024-11-08 03:20:32</span>
													<span title="Test ended time" alt="Test ended time" class="test-ended-time label red lighten-1 text-white">2024-11-08 03:22:21</span>
													<span title="Time taken to finish" alt="Time taken to finish" class="test-time-taken label blue-grey lighten-3 text-white">0h 1m 48s+340ms</span>
												</div>
												<div class="test-desc"></div>
												<div class="test-attributes">
												</div>
												<div class="test-steps">
													<table class="bordered table-results">
														<thead>
															<tr>
																<th>Status</th>
																<th>Timestamp</th>
																<th>Details</th>
															</tr>
														</thead>
														<tbody>
																<tr>
																	<td class="status pass" title="pass" alt="pass"><i class="mdi-action-check-circle"></i></td>
																	<td class="timestamp">03:20:38</td>
																	<td class="step-details">Step No: 25 - PASS - Login to IHadmin -- executed successfully</td>
																</tr>
																<tr>
																	<td class="status pass" title="pass" alt="pass"><i class="mdi-action-check-circle"></i></td>
																	<td class="timestamp">03:22:16</td>
																	<td class="step-details">Step No: 26 - PASS - Validate Dashboard List -- executed successfully</td>
																</tr>
																<tr>
																	<td class="status pass" title="pass" alt="pass"><i class="mdi-action-check-circle"></i></td>
																	<td class="timestamp">03:22:19</td>
																	<td class="step-details">Step No: 27 - PASS - Logout from IHadmin -- executed successfully</td>
																</tr>
																<tr>
																	<td class="status pass" title="pass" alt="pass"><i class="mdi-action-check-circle"></i></td>
																	<td class="timestamp">03:22:21</td>
																	<td class="step-details">PASS-Test case Executed Successfully</td>
																</tr>
														</tbody>
													</table>
													<ul class="collapsible node-list" data-collapsible="accordion">
													</ul>
												</div>
											</div>
										</li>
										<li class="collection-item test displayed pass" extentid="09b4025d-22d8-434e-abc4-44bd142cc557">
											<div class="test-head">
												<span class="test-name">C15_IHAdmin_Validate_DashboardList2 </span>
												<span class="test-status label right outline capitalize pass">pass</span>
												<span class="category-assigned hide "></span>
											</div>
											<div class="test-body">
												<div class="test-info">
													<span title="Test started time" alt="Test started time" class="test-started-time label green lighten-1 text-white">2024-11-08 03:22:23</span>
													<span title="Test ended time" alt="Test ended time" class="test-ended-time label red lighten-1 text-white">2024-11-08 03:23:43</span>
													<span title="Time taken to finish" alt="Time taken to finish" class="test-time-taken label blue-grey lighten-3 text-white">0h 1m 19s+867ms</span>
												</div>
												<div class="test-desc"></div>
												<div class="test-attributes">
												</div>
												<div class="test-steps">
													<table class="bordered table-results">
														<thead>
															<tr>
																<th>Status</th>
																<th>Timestamp</th>
																<th>Details</th>
															</tr>
														</thead>
														<tbody>
																<tr>
																	<td class="status pass" title="pass" alt="pass"><i class="mdi-action-check-circle"></i></td>
																	<td class="timestamp">03:22:29</td>
																	<td class="step-details">Step No: 28 - PASS - Login to IHadmin -- executed successfully</td>
																</tr>
																<tr>
																	<td class="status pass" title="pass" alt="pass"><i class="mdi-action-check-circle"></i></td>
																	<td class="timestamp">03:23:38</td>
																	<td class="step-details">Step No: 29 - PASS - Validate Dashboard List -- executed successfully</td>
																</tr>
																<tr>
																	<td class="status pass" title="pass" alt="pass"><i class="mdi-action-check-circle"></i></td>
																	<td class="timestamp">03:23:41</td>
																	<td class="step-details">Step No: 30 - PASS - Logout from IHadmin -- executed successfully</td>
																</tr>
																<tr>
																	<td class="status pass" title="pass" alt="pass"><i class="mdi-action-check-circle"></i></td>
																	<td class="timestamp">03:23:43</td>
																	<td class="step-details">PASS-Test case Executed Successfully</td>
																</tr>
														</tbody>
													</table>
													<ul class="collapsible node-list" data-collapsible="accordion">
													</ul>
												</div>
											</div>
										</li>
										<li class="collection-item test displayed fail" extentid="b835e9e1-7df9-4787-83a0-19cf02a0eae9">
											<div class="test-head">
												<span class="test-name">C2528_Schedule New Appointment from Provider </span>
												<span class="test-status label right outline capitalize fail">fail</span>
												<span class="category-assigned hide "></span>
											</div>
											<div class="test-body">
												<div class="test-info">
													<span title="Test started time" alt="Test started time" class="test-started-time label green lighten-1 text-white">2024-11-08 03:23:46</span>
													<span title="Test ended time" alt="Test ended time" class="test-ended-time label red lighten-1 text-white">2024-11-08 03:24:48</span>
													<span title="Time taken to finish" alt="Time taken to finish" class="test-time-taken label blue-grey lighten-3 text-white">0h 1m 1s+704ms</span>
												</div>
												<div class="test-desc"></div>
												<div class="test-attributes">
												</div>
												<div class="test-steps">
													<table class="bordered table-results">
														<thead>
															<tr>
																<th>Status</th>
																<th>Timestamp</th>
																<th>Details</th>
															</tr>
														</thead>
														<tbody>
																<tr>
																	<td class="status pass" title="pass" alt="pass"><i class="mdi-action-check-circle"></i></td>
																	<td class="timestamp">03:23:52</td>
																	<td class="step-details">Step No: 31 - PASS - Login to Provider -- executed successfully</td>
																</tr>
																<tr>
																	<td class="status fail" title="fail" alt="fail"><i class="mdi-navigation-cancel"></i></td>
																	<td class="timestamp">03:24:47</td>
																	<td class="step-details">FAIL - Schedule New Appointment</td>
																</tr>
																<tr>
																	<td class="status fail" title="fail" alt="fail"><i class="mdi-navigation-cancel"></i></td>
																	<td class="timestamp">03:24:47</td>
																	<td class="step-details"><pre>java.lang.AssertionError: Unable to locate the element
	at org.testng.Assert.fail(Assert.java:93)
	at Pages.WebAction.element(WebAction.java:1314)
	at Pages.ProviderAppointmentsPage.clickNewAppointment(ProviderAppointmentsPage.java:76)
	at ExistingProviderExistingPatient.C2528_Provider_ScheduleNewAppointment.patientCreation(C2528_Provider_ScheduleNewAppointment.java:33)
	at java.base/jdk.internal.reflect.NativeMethodAccessorImpl.invoke0(Native Method)
	at java.base/jdk.internal.reflect.NativeMethodAccessorImpl.invoke(NativeMethodAccessorImpl.java:77)
	at java.base/jdk.internal.reflect.DelegatingMethodAccessorImpl.invoke(DelegatingMethodAccessorImpl.java:43)
	at java.base/java.lang.reflect.Method.invoke(Method.java:569)
	at org.testng.internal.MethodInvocationHelper.invokeMethod(MethodInvocationHelper.java:108)
	at org.testng.internal.Invoker.invokeMethod(Invoker.java:661)
	at org.testng.internal.Invoker.invokeTestMethod(Invoker.java:869)
	at org.testng.internal.Invoker.invokeTestMethods(Invoker.java:1193)
	at org.testng.internal.TestMethodWorker.invokeTestMethods(TestMethodWorker.java:126)
	at org.testng.internal.TestMethodWorker.run(TestMethodWorker.java:109)
	at org.testng.TestRunner.privateRun(TestRunner.java:744)
	at org.testng.TestRunner.run(TestRunner.java:602)
	at org.testng.SuiteRunner.runTest(SuiteRunner.java:380)
	at org.testng.SuiteRunner.runSequentially(SuiteRunner.java:375)
	at org.testng.SuiteRunner.privateRun(SuiteRunner.java:340)
	at org.testng.SuiteRunner.run(SuiteRunner.java:289)
	at org.testng.SuiteRunnerWorker.runSuite(SuiteRunnerWorker.java:52)
	at org.testng.SuiteRunnerWorker.run(SuiteRunnerWorker.java:86)
	at org.testng.TestNG.runSuitesSequentially(TestNG.java:1301)
	at org.testng.TestNG.runSuitesLocally(TestNG.java:1226)
	at org.testng.TestNG.runSuites(TestNG.java:1144)
	at org.testng.TestNG.run(TestNG.java:1115)
	at Framework.TestNGXML.xml(TestNGXML.java:184)
	at Framework.TestNGXML.main(TestNGXML.java:203)
	at java.base/jdk.internal.reflect.NativeMethodAccessorImpl.invoke0(Native Method)
	at java.base/jdk.internal.reflect.NativeMethodAccessorImpl.invoke(NativeMethodAccessorImpl.java:77)
	at java.base/jdk.internal.reflect.DelegatingMethodAccessorImpl.invoke(DelegatingMethodAccessorImpl.java:43)
	at java.base/java.lang.reflect.Method.invoke(Method.java:569)
	at org.codehaus.mojo.exec.ExecJavaMojo$1.run(ExecJavaMojo.java:282)
	at java.base/java.lang.Thread.run(Thread.java:840)
</pre></td>
																</tr>
																<tr>
																	<td class="status fail" title="fail" alt="fail"><i class="mdi-navigation-cancel"></i></td>
																	<td class="timestamp">03:24:48</td>
																	<td class="step-details">Snapshot below: C2528_Provider_ScheduleNewAppointment.patientCreation(java.lang.String)[pri:0, instance:ExistingProviderExistingPatient.C2528_Provider_ScheduleNewAppointment@42d5cb4]<a href="08-11-2024UatPackNew_files/patientCreation_2024-11-08-03-24-47.png" data-featherlight="image"><img class="report-img" src="08-11-2024UatPackNew_files/patientCreation_2024-11-08-03-24-47.png"></a></td>
																</tr>
														</tbody>
													</table>
													<ul class="collapsible node-list" data-collapsible="accordion">
													</ul>
												</div>
											</div>
										</li>
										<li class="collection-item test displayed pass" extentid="b276bab2-2930-4633-942a-3a8c160d6b06">
											<div class="test-head">
												<span class="test-name">C2614_Provider_EmailValidation </span>
												<span class="test-status label right outline capitalize pass">pass</span>
												<span class="category-assigned hide "></span>
											</div>
											<div class="test-body">
												<div class="test-info">
													<span title="Test started time" alt="Test started time" class="test-started-time label green lighten-1 text-white">2024-11-08 03:24:50</span>
													<span title="Test ended time" alt="Test ended time" class="test-ended-time label red lighten-1 text-white">2024-11-08 03:25:22</span>
													<span title="Time taken to finish" alt="Time taken to finish" class="test-time-taken label blue-grey lighten-3 text-white">0h 0m 32s+275ms</span>
												</div>
												<div class="test-desc"></div>
												<div class="test-attributes">
												</div>
												<div class="test-steps">
													<table class="bordered table-results">
														<thead>
															<tr>
																<th>Status</th>
																<th>Timestamp</th>
																<th>Details</th>
															</tr>
														</thead>
														<tbody>
																<tr>
																	<td class="status pass" title="pass" alt="pass"><i class="mdi-action-check-circle"></i></td>
																	<td class="timestamp">03:25:17</td>
																	<td class="step-details">Step No: 32 - PASS -  email validation  -- executed successfully</td>
																</tr>
																<tr>
																	<td class="status pass" title="pass" alt="pass"><i class="mdi-action-check-circle"></i></td>
																	<td class="timestamp">03:25:20</td>
																	<td class="step-details">Step No: 33 - PASS - Logout from New Provider -- executed successfully</td>
																</tr>
																<tr>
																	<td class="status pass" title="pass" alt="pass"><i class="mdi-action-check-circle"></i></td>
																	<td class="timestamp">03:25:22</td>
																	<td class="step-details">PASS-Test case Executed Successfully</td>
																</tr>
														</tbody>
													</table>
													<ul class="collapsible node-list" data-collapsible="accordion">
													</ul>
												</div>
											</div>
										</li>
										<li class="collection-item test displayed pass" extentid="b9a6b87d-5781-4b26-a383-6109a303d581">
											<div class="test-head">
												<span class="test-name">C2615_PatientOrg1CreationFromProv </span>
												<span class="test-status label right outline capitalize pass">pass</span>
												<span class="category-assigned hide "></span>
											</div>
											<div class="test-body">
												<div class="test-info">
													<span title="Test started time" alt="Test started time" class="test-started-time label green lighten-1 text-white">2024-11-08 03:25:25</span>
													<span title="Test ended time" alt="Test ended time" class="test-ended-time label red lighten-1 text-white">2024-11-08 03:26:26</span>
													<span title="Time taken to finish" alt="Time taken to finish" class="test-time-taken label blue-grey lighten-3 text-white">0h 1m 0s+883ms</span>
												</div>
												<div class="test-desc"></div>
												<div class="test-attributes">
												</div>
												<div class="test-steps">
													<table class="bordered table-results">
														<thead>
															<tr>
																<th>Status</th>
																<th>Timestamp</th>
																<th>Details</th>
															</tr>
														</thead>
														<tbody>
																<tr>
																	<td class="status pass" title="pass" alt="pass"><i class="mdi-action-check-circle"></i></td>
																	<td class="timestamp">03:25:31</td>
																	<td class="step-details">Step No: 34 - PASS - Login to Provider -- executed successfully</td>
																</tr>
																<tr>
																	<td class="status pass" title="pass" alt="pass"><i class="mdi-action-check-circle"></i></td>
																	<td class="timestamp">03:26:21</td>
																	<td class="step-details">Step No: 35 - PASS - Patient Creation from Provider -- executed successfully</td>
																</tr>
																<tr>
																	<td class="status pass" title="pass" alt="pass"><i class="mdi-action-check-circle"></i></td>
																	<td class="timestamp">03:26:24</td>
																	<td class="step-details">Step No: 36 - PASS - Logout from provider -- executed successfully</td>
																</tr>
																<tr>
																	<td class="status pass" title="pass" alt="pass"><i class="mdi-action-check-circle"></i></td>
																	<td class="timestamp">03:26:26</td>
																	<td class="step-details">PASS-Test case Executed Successfully</td>
																</tr>
														</tbody>
													</table>
													<ul class="collapsible node-list" data-collapsible="accordion">
													</ul>
												</div>
											</div>
										</li>
										<li class="collection-item test displayed pass" extentid="722aa84b-e735-4e7a-ae29-fd67da304469">
											<div class="test-head">
												<span class="test-name">C2616_PatientOrg2CreationFromProv </span>
												<span class="test-status label right outline capitalize pass">pass</span>
												<span class="category-assigned hide "></span>
											</div>
											<div class="test-body">
												<div class="test-info">
													<span title="Test started time" alt="Test started time" class="test-started-time label green lighten-1 text-white">2024-11-08 03:26:29</span>
													<span title="Test ended time" alt="Test ended time" class="test-ended-time label red lighten-1 text-white">2024-11-08 03:27:26</span>
													<span title="Time taken to finish" alt="Time taken to finish" class="test-time-taken label blue-grey lighten-3 text-white">0h 0m 57s+38ms</span>
												</div>
												<div class="test-desc"></div>
												<div class="test-attributes">
												</div>
												<div class="test-steps">
													<table class="bordered table-results">
														<thead>
															<tr>
																<th>Status</th>
																<th>Timestamp</th>
																<th>Details</th>
															</tr>
														</thead>
														<tbody>
																<tr>
																	<td class="status pass" title="pass" alt="pass"><i class="mdi-action-check-circle"></i></td>
																	<td class="timestamp">03:26:34</td>
																	<td class="step-details">Step No: 37 - PASS - Login to Provider -- executed successfully</td>
																</tr>
																<tr>
																	<td class="status pass" title="pass" alt="pass"><i class="mdi-action-check-circle"></i></td>
																	<td class="timestamp">03:27:21</td>
																	<td class="step-details">Step No: 38 - PASS - Patient Creation from Provider -- executed successfully</td>
																</tr>
																<tr>
																	<td class="status pass" title="pass" alt="pass"><i class="mdi-action-check-circle"></i></td>
																	<td class="timestamp">03:27:24</td>
																	<td class="step-details">Step No: 39 - PASS - Logout from provider -- executed successfully</td>
																</tr>
																<tr>
																	<td class="status pass" title="pass" alt="pass"><i class="mdi-action-check-circle"></i></td>
																	<td class="timestamp">03:27:26</td>
																	<td class="step-details">PASS-Test case Executed Successfully</td>
																</tr>
														</tbody>
													</table>
													<ul class="collapsible node-list" data-collapsible="accordion">
													</ul>
												</div>
											</div>
										</li>
										<li class="collection-item test displayed pass" extentid="b607b320-03df-4a3f-8609-1ff58211ef25">
											<div class="test-head">
												<span class="test-name">C2669_IHAdmin_TestUserProviderValidation </span>
												<span class="test-status label right outline capitalize pass">pass</span>
												<span class="category-assigned hide "></span>
											</div>
											<div class="test-body">
												<div class="test-info">
													<span title="Test started time" alt="Test started time" class="test-started-time label green lighten-1 text-white">2024-11-08 03:27:29</span>
													<span title="Test ended time" alt="Test ended time" class="test-ended-time label red lighten-1 text-white">2024-11-08 03:27:49</span>
													<span title="Time taken to finish" alt="Time taken to finish" class="test-time-taken label blue-grey lighten-3 text-white">0h 0m 20s+474ms</span>
												</div>
												<div class="test-desc"></div>
												<div class="test-attributes">
												</div>
												<div class="test-steps">
													<table class="bordered table-results">
														<thead>
															<tr>
																<th>Status</th>
																<th>Timestamp</th>
																<th>Details</th>
															</tr>
														</thead>
														<tbody>
																<tr>
																	<td class="status pass" title="pass" alt="pass"><i class="mdi-action-check-circle"></i></td>
																	<td class="timestamp">03:27:34</td>
																	<td class="step-details">Step No: 40 - PASS - Login to IHAdmin -- executed successfully</td>
																</tr>
																<tr>
																	<td class="status pass" title="pass" alt="pass"><i class="mdi-action-check-circle"></i></td>
																	<td class="timestamp">03:27:44</td>
																	<td class="step-details">Step No: 41 - PASS - validate Provider Test user from IH admin -- executed successfully</td>
																</tr>
																<tr>
																	<td class="status pass" title="pass" alt="pass"><i class="mdi-action-check-circle"></i></td>
																	<td class="timestamp">03:27:47</td>
																	<td class="step-details">Step No: 42 - PASS - Logout from IHadmin -- executed successfully</td>
																</tr>
																<tr>
																	<td class="status pass" title="pass" alt="pass"><i class="mdi-action-check-circle"></i></td>
																	<td class="timestamp">03:27:49</td>
																	<td class="step-details">PASS-Test case Executed Successfully</td>
																</tr>
														</tbody>
													</table>
													<ul class="collapsible node-list" data-collapsible="accordion">
													</ul>
												</div>
											</div>
										</li>
										<li class="collection-item test displayed pass" extentid="7556f388-3e6f-4544-aaed-ffae08e01876">
											<div class="test-head">
												<span class="test-name">C2675_IHAdmin_TestUserProviderSettingsValidation </span>
												<span class="test-status label right outline capitalize pass">pass</span>
												<span class="category-assigned hide "></span>
											</div>
											<div class="test-body">
												<div class="test-info">
													<span title="Test started time" alt="Test started time" class="test-started-time label green lighten-1 text-white">2024-11-08 03:27:52</span>
													<span title="Test ended time" alt="Test ended time" class="test-ended-time label red lighten-1 text-white">2024-11-08 03:28:31</span>
													<span title="Time taken to finish" alt="Time taken to finish" class="test-time-taken label blue-grey lighten-3 text-white">0h 0m 38s+552ms</span>
												</div>
												<div class="test-desc"></div>
												<div class="test-attributes">
												</div>
												<div class="test-steps">
													<table class="bordered table-results">
														<thead>
															<tr>
																<th>Status</th>
																<th>Timestamp</th>
																<th>Details</th>
															</tr>
														</thead>
														<tbody>
																<tr>
																	<td class="status pass" title="pass" alt="pass"><i class="mdi-action-check-circle"></i></td>
																	<td class="timestamp">03:27:58</td>
																	<td class="step-details">Step No: 43 - PASS - Login to IHAdmin -- executed successfully</td>
																</tr>
																<tr>
																	<td class="status pass" title="pass" alt="pass"><i class="mdi-action-check-circle"></i></td>
																	<td class="timestamp">03:28:25</td>
																	<td class="step-details">Step No: 44 - PASS - validate Provider Test user from IH admin -- executed successfully</td>
																</tr>
																<tr>
																	<td class="status pass" title="pass" alt="pass"><i class="mdi-action-check-circle"></i></td>
																	<td class="timestamp">03:28:29</td>
																	<td class="step-details">Step No: 45 - PASS - Logout from IHadmin -- executed successfully</td>
																</tr>
																<tr>
																	<td class="status pass" title="pass" alt="pass"><i class="mdi-action-check-circle"></i></td>
																	<td class="timestamp">03:28:31</td>
																	<td class="step-details">PASS-Test case Executed Successfully</td>
																</tr>
														</tbody>
													</table>
													<ul class="collapsible node-list" data-collapsible="accordion">
													</ul>
												</div>
											</div>
										</li>
										<li class="collection-item test displayed pass" extentid="a4f9ad3e-eaa5-48fd-91f5-a609089c9333">
											<div class="test-head">
												<span class="test-name">C2710_IHAdmin_View_LearningCenter </span>
												<span class="test-status label right outline capitalize pass">pass</span>
												<span class="category-assigned hide "></span>
											</div>
											<div class="test-body">
												<div class="test-info">
													<span title="Test started time" alt="Test started time" class="test-started-time label green lighten-1 text-white">2024-11-08 03:28:33</span>
													<span title="Test ended time" alt="Test ended time" class="test-ended-time label red lighten-1 text-white">2024-11-08 03:28:54</span>
													<span title="Time taken to finish" alt="Time taken to finish" class="test-time-taken label blue-grey lighten-3 text-white">0h 0m 20s+524ms</span>
												</div>
												<div class="test-desc"></div>
												<div class="test-attributes">
												</div>
												<div class="test-steps">
													<table class="bordered table-results">
														<thead>
															<tr>
																<th>Status</th>
																<th>Timestamp</th>
																<th>Details</th>
															</tr>
														</thead>
														<tbody>
																<tr>
																	<td class="status pass" title="pass" alt="pass"><i class="mdi-action-check-circle"></i></td>
																	<td class="timestamp">03:28:39</td>
																	<td class="step-details">Step No: 46 - PASS - Login to IHadmin -- executed successfully</td>
																</tr>
																<tr>
																	<td class="status pass" title="pass" alt="pass"><i class="mdi-action-check-circle"></i></td>
																	<td class="timestamp">03:28:49</td>
																	<td class="step-details">Step No: 47 - PASS - IHAdmin View Learning Center -- executed successfully</td>
																</tr>
																<tr>
																	<td class="status pass" title="pass" alt="pass"><i class="mdi-action-check-circle"></i></td>
																	<td class="timestamp">03:28:52</td>
																	<td class="step-details">Step No: 48 - PASS - Logout from IHadmin -- executed successfully</td>
																</tr>
																<tr>
																	<td class="status pass" title="pass" alt="pass"><i class="mdi-action-check-circle"></i></td>
																	<td class="timestamp">03:28:54</td>
																	<td class="step-details">PASS-Test case Executed Successfully</td>
																</tr>
														</tbody>
													</table>
													<ul class="collapsible node-list" data-collapsible="accordion">
													</ul>
												</div>
											</div>
										</li>
										<li class="collection-item test displayed pass" extentid="4e798bc6-ea3a-47de-b2f6-c15f3d1b7851">
											<div class="test-head">
												<span class="test-name">C101815_Patient_SaveRecipe </span>
												<span class="test-status label right outline capitalize pass">pass</span>
												<span class="category-assigned hide "></span>
											</div>
											<div class="test-body">
												<div class="test-info">
													<span title="Test started time" alt="Test started time" class="test-started-time label green lighten-1 text-white">2024-11-08 03:28:56</span>
													<span title="Test ended time" alt="Test ended time" class="test-ended-time label red lighten-1 text-white">2024-11-08 03:34:31</span>
													<span title="Time taken to finish" alt="Time taken to finish" class="test-time-taken label blue-grey lighten-3 text-white">0h 5m 34s+506ms</span>
												</div>
												<div class="test-desc"></div>
												<div class="test-attributes">
												</div>
												<div class="test-steps">
													<table class="bordered table-results">
														<thead>
															<tr>
																<th>Status</th>
																<th>Timestamp</th>
																<th>Details</th>
															</tr>
														</thead>
														<tbody>
																<tr>
																	<td class="status pass" title="pass" alt="pass"><i class="mdi-action-check-circle"></i></td>
																	<td class="timestamp">03:29:02</td>
																	<td class="step-details">Step No: 49 - PASS - Login to Patient -- executed successfully</td>
																</tr>
																<tr>
																	<td class="status pass" title="pass" alt="pass"><i class="mdi-action-check-circle"></i></td>
																	<td class="timestamp">03:29:10</td>
																	<td class="step-details">Step No: 50 - PASS - Click Recipe -- executed successfully</td>
																</tr>
																<tr>
																	<td class="status pass" title="pass" alt="pass"><i class="mdi-action-check-circle"></i></td>
																	<td class="timestamp">03:29:26</td>
																	<td class="step-details">Step No: 51 - PASS - Save the Recipe -- executed successfully</td>
																</tr>
																<tr>
																	<td class="status pass" title="pass" alt="pass"><i class="mdi-action-check-circle"></i></td>
																	<td class="timestamp">03:29:38</td>
																	<td class="step-details">Step No: 52 - PASS - Saved Recipe Valiadation -- executed successfully</td>
																</tr>
																<tr>
																	<td class="status pass" title="pass" alt="pass"><i class="mdi-action-check-circle"></i></td>
																	<td class="timestamp">03:29:46</td>
																	<td class="step-details">Step No: 53 - PASS - Click Receipe -- executed successfully</td>
																</tr>
																<tr>
																	<td class="status pass" title="pass" alt="pass"><i class="mdi-action-check-circle"></i></td>
																	<td class="timestamp">03:30:39</td>
																	<td class="step-details">Step No: 54 - PASS - Un save the food -- executed successfully</td>
																</tr>
																<tr>
																	<td class="status pass" title="pass" alt="pass"><i class="mdi-action-check-circle"></i></td>
																	<td class="timestamp">03:30:47</td>
																	<td class="step-details">Step No: 55 - PASS - Click Receipe -- executed successfully</td>
																</tr>
																<tr>
																	<td class="status pass" title="pass" alt="pass"><i class="mdi-action-check-circle"></i></td>
																	<td class="timestamp">03:32:50</td>
																	<td class="step-details">Step No: 56 - PASS - Verify Recipe Tags -- executed successfully</td>
																</tr>
																<tr>
																	<td class="status pass" title="pass" alt="pass"><i class="mdi-action-check-circle"></i></td>
																	<td class="timestamp">03:34:29</td>
																	<td class="step-details">Step No: 57 - PASS - Click and add evolve recipe -- executed successfully</td>
																</tr>
																<tr>
																	<td class="status pass" title="pass" alt="pass"><i class="mdi-action-check-circle"></i></td>
																	<td class="timestamp">03:34:31</td>
																	<td class="step-details">PASS-Test case Executed Successfully</td>
																</tr>
														</tbody>
													</table>
													<ul class="collapsible node-list" data-collapsible="accordion">
													</ul>
												</div>
											</div>
										</li>
										<li class="collection-item test displayed pass" extentid="36dd16a9-765c-468d-9f52-3bf74c0cd41f">
											<div class="test-head">
												<span class="test-name">C38553_Patient_CreateRecipe </span>
												<span class="test-status label right outline capitalize pass">pass</span>
												<span class="category-assigned hide "></span>
											</div>
											<div class="test-body">
												<div class="test-info">
													<span title="Test started time" alt="Test started time" class="test-started-time label green lighten-1 text-white">2024-11-08 03:34:34</span>
													<span title="Test ended time" alt="Test ended time" class="test-ended-time label red lighten-1 text-white">2024-11-08 03:35:59</span>
													<span title="Time taken to finish" alt="Time taken to finish" class="test-time-taken label blue-grey lighten-3 text-white">0h 1m 24s+917ms</span>
												</div>
												<div class="test-desc"></div>
												<div class="test-attributes">
												</div>
												<div class="test-steps">
													<table class="bordered table-results">
														<thead>
															<tr>
																<th>Status</th>
																<th>Timestamp</th>
																<th>Details</th>
															</tr>
														</thead>
														<tbody>
																<tr>
																	<td class="status pass" title="pass" alt="pass"><i class="mdi-action-check-circle"></i></td>
																	<td class="timestamp">03:34:39</td>
																	<td class="step-details">Step No: 58 - PASS - Login to Patient -- executed successfully</td>
																</tr>
																<tr>
																	<td class="status pass" title="pass" alt="pass"><i class="mdi-action-check-circle"></i></td>
																	<td class="timestamp">03:35:16</td>
																	<td class="step-details">Step No: 59 - PASS - Create recipe from patient -- executed successfully</td>
																</tr>
																<tr>
																	<td class="status pass" title="pass" alt="pass"><i class="mdi-action-check-circle"></i></td>
																	<td class="timestamp">03:35:27</td>
																	<td class="step-details">Step No: 60 - PASS - Log the created recipe from patient -- executed successfully</td>
																</tr>
																<tr>
																	<td class="status pass" title="pass" alt="pass"><i class="mdi-action-check-circle"></i></td>
																	<td class="timestamp">03:35:43</td>
																	<td class="step-details">Step No: 61 - PASS - Create recipe from patient -- executed successfully</td>
																</tr>
																<tr>
																	<td class="status pass" title="pass" alt="pass"><i class="mdi-action-check-circle"></i></td>
																	<td class="timestamp">03:35:54</td>
																	<td class="step-details">Step No: 62 - PASS - Create recipe from patient -- executed successfully</td>
																</tr>
																<tr>
																	<td class="status pass" title="pass" alt="pass"><i class="mdi-action-check-circle"></i></td>
																	<td class="timestamp">03:35:57</td>
																	<td class="step-details">Step No: 63 - PASS - Logout from Patient -- executed successfully</td>
																</tr>
																<tr>
																	<td class="status pass" title="pass" alt="pass"><i class="mdi-action-check-circle"></i></td>
																	<td class="timestamp">03:35:59</td>
																	<td class="step-details">PASS-Test case Executed Successfully</td>
																</tr>
														</tbody>
													</table>
													<ul class="collapsible node-list" data-collapsible="accordion">
													</ul>
												</div>
											</div>
										</li>
										<li class="collection-item test displayed pass" extentid="d46bef0d-b67a-470e-a041-9774d6c339ef">
											<div class="test-head">
												<span class="test-name">C2510_PatientGoals_GoalsValidation </span>
												<span class="test-status label right outline capitalize pass">pass</span>
												<span class="category-assigned hide "></span>
											</div>
											<div class="test-body">
												<div class="test-info">
													<span title="Test started time" alt="Test started time" class="test-started-time label green lighten-1 text-white">2024-11-08 03:36:01</span>
													<span title="Test ended time" alt="Test ended time" class="test-ended-time label red lighten-1 text-white">2024-11-08 03:36:55</span>
													<span title="Time taken to finish" alt="Time taken to finish" class="test-time-taken label blue-grey lighten-3 text-white">0h 0m 53s+944ms</span>
												</div>
												<div class="test-desc"></div>
												<div class="test-attributes">
												</div>
												<div class="test-steps">
													<table class="bordered table-results">
														<thead>
															<tr>
																<th>Status</th>
																<th>Timestamp</th>
																<th>Details</th>
															</tr>
														</thead>
														<tbody>
																<tr>
																	<td class="status pass" title="pass" alt="pass"><i class="mdi-action-check-circle"></i></td>
																	<td class="timestamp">03:36:07</td>
																	<td class="step-details">Step No: 64 - PASS - Login to New Patient -- executed successfully</td>
																</tr>
																<tr>
																	<td class="status pass" title="pass" alt="pass"><i class="mdi-action-check-circle"></i></td>
																	<td class="timestamp">03:36:50</td>
																	<td class="step-details">Step No: 65 - PASS - Click  and check Goals  -- executed successfully</td>
																</tr>
																<tr>
																	<td class="status pass" title="pass" alt="pass"><i class="mdi-action-check-circle"></i></td>
																	<td class="timestamp">03:36:53</td>
																	<td class="step-details">Step No: 66 - PASS - Logout from New Patient -- executed successfully</td>
																</tr>
																<tr>
																	<td class="status pass" title="pass" alt="pass"><i class="mdi-action-check-circle"></i></td>
																	<td class="timestamp">03:36:55</td>
																	<td class="step-details">PASS-Test case Executed Successfully</td>
																</tr>
														</tbody>
													</table>
													<ul class="collapsible node-list" data-collapsible="accordion">
													</ul>
												</div>
											</div>
										</li>
										<li class="collection-item test displayed fail" extentid="9142186a-e81e-410b-b2e9-d1fa2a2987f2">
											<div class="test-head">
												<span class="test-name">C75631_Provider_ValidateAthenaPatientAppointment </span>
												<span class="test-status label right outline capitalize fail">fail</span>
												<span class="category-assigned hide "></span>
											</div>
											<div class="test-body">
												<div class="test-info">
													<span title="Test started time" alt="Test started time" class="test-started-time label green lighten-1 text-white">2024-11-08 03:36:59</span>
													<span title="Test ended time" alt="Test ended time" class="test-ended-time label red lighten-1 text-white">2024-11-08 03:37:13</span>
													<span title="Time taken to finish" alt="Time taken to finish" class="test-time-taken label blue-grey lighten-3 text-white">0h 0m 13s+460ms</span>
												</div>
												<div class="test-desc"></div>
												<div class="test-attributes">
												</div>
												<div class="test-steps">
													<table class="bordered table-results">
														<thead>
															<tr>
																<th>Status</th>
																<th>Timestamp</th>
																<th>Details</th>
															</tr>
														</thead>
														<tbody>
																<tr>
																	<td class="status pass" title="pass" alt="pass"><i class="mdi-action-check-circle"></i></td>
																	<td class="timestamp">03:37:05</td>
																	<td class="step-details">Step No: 67 - PASS - Login to Provider -- executed successfully</td>
																</tr>
																<tr>
																	<td class="status pass" title="pass" alt="pass"><i class="mdi-action-check-circle"></i></td>
																	<td class="timestamp">03:37:08</td>
																	<td class="step-details">Step No: 68 - PASS - get  Access Token and vitals validation -- executed successfully</td>
																</tr>
																<tr>
																	<td class="status fail" title="fail" alt="fail"><i class="mdi-navigation-cancel"></i></td>
																	<td class="timestamp">03:37:12</td>
																	<td class="step-details">FAIL - get  Access Token and vitals validation</td>
																</tr>
																<tr>
																	<td class="status fail" title="fail" alt="fail"><i class="mdi-navigation-cancel"></i></td>
																	<td class="timestamp">03:37:12</td>
																	<td class="step-details"><pre>java.lang.AssertionError: expected [true] but found [false]
	at org.testng.Assert.fail(Assert.java:93)
	at org.testng.Assert.failNotEquals(Assert.java:512)
	at org.testng.Assert.assertTrue(Assert.java:41)
	at org.testng.Assert.assertTrue(Assert.java:51)
	at Pages.WebAction.validate(WebAction.java:4377)
	at AthenaAPI.C75631_Provider_ValidateAthenaPatientAppointment.validatePatientAppointment(C75631_Provider_ValidateAthenaPatientAppointment.java:59)
	at java.base/jdk.internal.reflect.NativeMethodAccessorImpl.invoke0(Native Method)
	at java.base/jdk.internal.reflect.NativeMethodAccessorImpl.invoke(NativeMethodAccessorImpl.java:77)
	at java.base/jdk.internal.reflect.DelegatingMethodAccessorImpl.invoke(DelegatingMethodAccessorImpl.java:43)
	at java.base/java.lang.reflect.Method.invoke(Method.java:569)
	at org.testng.internal.MethodInvocationHelper.invokeMethod(MethodInvocationHelper.java:108)
	at org.testng.internal.Invoker.invokeMethod(Invoker.java:661)
	at org.testng.internal.Invoker.invokeTestMethod(Invoker.java:869)
	at org.testng.internal.Invoker.invokeTestMethods(Invoker.java:1193)
	at org.testng.internal.TestMethodWorker.invokeTestMethods(TestMethodWorker.java:126)
	at org.testng.internal.TestMethodWorker.run(TestMethodWorker.java:109)
	at org.testng.TestRunner.privateRun(TestRunner.java:744)
	at org.testng.TestRunner.run(TestRunner.java:602)
	at org.testng.SuiteRunner.runTest(SuiteRunner.java:380)
	at org.testng.SuiteRunner.runSequentially(SuiteRunner.java:375)
	at org.testng.SuiteRunner.privateRun(SuiteRunner.java:340)
	at org.testng.SuiteRunner.run(SuiteRunner.java:289)
	at org.testng.SuiteRunnerWorker.runSuite(SuiteRunnerWorker.java:52)
	at org.testng.SuiteRunnerWorker.run(SuiteRunnerWorker.java:86)
	at org.testng.TestNG.runSuitesSequentially(TestNG.java:1301)
	at org.testng.TestNG.runSuitesLocally(TestNG.java:1226)
	at org.testng.TestNG.runSuites(TestNG.java:1144)
	at org.testng.TestNG.run(TestNG.java:1115)
	at Framework.TestNGXML.xml(TestNGXML.java:184)
	at Framework.TestNGXML.main(TestNGXML.java:203)
	at java.base/jdk.internal.reflect.NativeMethodAccessorImpl.invoke0(Native Method)
	at java.base/jdk.internal.reflect.NativeMethodAccessorImpl.invoke(NativeMethodAccessorImpl.java:77)
	at java.base/jdk.internal.reflect.DelegatingMethodAccessorImpl.invoke(DelegatingMethodAccessorImpl.java:43)
	at java.base/java.lang.reflect.Method.invoke(Method.java:569)
	at org.codehaus.mojo.exec.ExecJavaMojo$1.run(ExecJavaMojo.java:282)
	at java.base/java.lang.Thread.run(Thread.java:840)
</pre></td>
																</tr>
																<tr>
																	<td class="status fail" title="fail" alt="fail"><i class="mdi-navigation-cancel"></i></td>
																	<td class="timestamp">03:37:13</td>
																	<td class="step-details">Snapshot below: C75631_Provider_ValidateAthenaPatientAppointment.validatePatientAppointment(java.lang.String)[pri:0, instance:AthenaAPI.C75631_Provider_ValidateAthenaPatientAppointment@189cc5ae]<a href="08-11-2024UatPackNew_files/validatePatientAppointment_2024-11-08-03-37-12.png" data-featherlight="image"><img class="report-img" src="08-11-2024UatPackNew_files/validatePatientAppointment_2024-11-08-03-37-12.png"></a></td>
																</tr>
														</tbody>
													</table>
													<ul class="collapsible node-list" data-collapsible="accordion">
													</ul>
												</div>
											</div>
										</li>
										<li class="collection-item test displayed pass" extentid="051d6624-a2d8-4b31-9606-7bd17db2aded">
											<div class="test-head">
												<span class="test-name">C101811_Provider_SaveRecipe </span>
												<span class="test-status label right outline capitalize pass">pass</span>
												<span class="category-assigned hide "></span>
											</div>
											<div class="test-body">
												<div class="test-info">
													<span title="Test started time" alt="Test started time" class="test-started-time label green lighten-1 text-white">2024-11-08 03:37:15</span>
													<span title="Test ended time" alt="Test ended time" class="test-ended-time label red lighten-1 text-white">2024-11-08 03:41:42</span>
													<span title="Time taken to finish" alt="Time taken to finish" class="test-time-taken label blue-grey lighten-3 text-white">0h 4m 26s+700ms</span>
												</div>
												<div class="test-desc"></div>
												<div class="test-attributes">
												</div>
												<div class="test-steps">
													<table class="bordered table-results">
														<thead>
															<tr>
																<th>Status</th>
																<th>Timestamp</th>
																<th>Details</th>
															</tr>
														</thead>
														<tbody>
																<tr>
																	<td class="status pass" title="pass" alt="pass"><i class="mdi-action-check-circle"></i></td>
																	<td class="timestamp">03:37:21</td>
																	<td class="step-details">Step No: 69 - PASS - Login to Provider -- executed successfully</td>
																</tr>
																<tr>
																	<td class="status pass" title="pass" alt="pass"><i class="mdi-action-check-circle"></i></td>
																	<td class="timestamp">03:37:29</td>
																	<td class="step-details">Step No: 70 - PASS - Click Recipe -- executed successfully</td>
																</tr>
																<tr>
																	<td class="status pass" title="pass" alt="pass"><i class="mdi-action-check-circle"></i></td>
																	<td class="timestamp">03:37:45</td>
																	<td class="step-details">Step No: 71 - PASS - Save the Recipe -- executed successfully</td>
																</tr>
																<tr>
																	<td class="status pass" title="pass" alt="pass"><i class="mdi-action-check-circle"></i></td>
																	<td class="timestamp">03:37:57</td>
																	<td class="step-details">Step No: 72 - PASS - Saved Recipe Valiadation -- executed successfully</td>
																</tr>
																<tr>
																	<td class="status pass" title="pass" alt="pass"><i class="mdi-action-check-circle"></i></td>
																	<td class="timestamp">03:38:05</td>
																	<td class="step-details">Step No: 73 - PASS - Click Receipe -- executed successfully</td>
																</tr>
																<tr>
																	<td class="status pass" title="pass" alt="pass"><i class="mdi-action-check-circle"></i></td>
																	<td class="timestamp">03:38:58</td>
																	<td class="step-details">Step No: 74 - PASS - Un save the food -- executed successfully</td>
																</tr>
																<tr>
																	<td class="status pass" title="pass" alt="pass"><i class="mdi-action-check-circle"></i></td>
																	<td class="timestamp">03:39:06</td>
																	<td class="step-details">Step No: 75 - PASS - Click Receipe -- executed successfully</td>
																</tr>
																<tr>
																	<td class="status pass" title="pass" alt="pass"><i class="mdi-action-check-circle"></i></td>
																	<td class="timestamp">03:41:08</td>
																	<td class="step-details">Step No: 76 - PASS - Verify Recipe Tags -- executed successfully</td>
																</tr>
																<tr>
																	<td class="status pass" title="pass" alt="pass"><i class="mdi-action-check-circle"></i></td>
																	<td class="timestamp">03:41:42</td>
																	<td class="step-details">PASS-Test case Executed Successfully</td>
																</tr>
														</tbody>
													</table>
													<ul class="collapsible node-list" data-collapsible="accordion">
													</ul>
												</div>
											</div>
										</li>
										<li class="collection-item test displayed pass" extentid="c9e66995-de1e-400c-8278-a6c6b42bbcfb">
											<div class="test-head">
												<span class="test-name">C2617_PatientOrg1_EmailValidation </span>
												<span class="test-status label right outline capitalize pass">pass</span>
												<span class="category-assigned hide "></span>
											</div>
											<div class="test-body">
												<div class="test-info">
													<span title="Test started time" alt="Test started time" class="test-started-time label green lighten-1 text-white">2024-11-08 03:41:45</span>
													<span title="Test ended time" alt="Test ended time" class="test-ended-time label red lighten-1 text-white">2024-11-08 03:42:12</span>
													<span title="Time taken to finish" alt="Time taken to finish" class="test-time-taken label blue-grey lighten-3 text-white">0h 0m 27s+94ms</span>
												</div>
												<div class="test-desc"></div>
												<div class="test-attributes">
												</div>
												<div class="test-steps">
													<table class="bordered table-results">
														<thead>
															<tr>
																<th>Status</th>
																<th>Timestamp</th>
																<th>Details</th>
															</tr>
														</thead>
														<tbody>
																<tr>
																	<td class="status pass" title="pass" alt="pass"><i class="mdi-action-check-circle"></i></td>
																	<td class="timestamp">03:42:04</td>
																	<td class="step-details">Step No: 77 - PASS -  email validation  -- executed successfully</td>
																</tr>
																<tr>
																	<td class="status pass" title="pass" alt="pass"><i class="mdi-action-check-circle"></i></td>
																	<td class="timestamp">03:42:07</td>
																	<td class="step-details">Step No: 78 - PASS - Logout from New Patient -- executed successfully</td>
																</tr>
																<tr>
																	<td class="status pass" title="pass" alt="pass"><i class="mdi-action-check-circle"></i></td>
																	<td class="timestamp">03:42:10</td>
																	<td class="step-details">Step No: 79 - PASS - Mark test user for  New Patient -- executed successfully</td>
																</tr>
																<tr>
																	<td class="status pass" title="pass" alt="pass"><i class="mdi-action-check-circle"></i></td>
																	<td class="timestamp">03:42:12</td>
																	<td class="step-details">PASS-Test case Executed Successfully</td>
																</tr>
														</tbody>
													</table>
													<ul class="collapsible node-list" data-collapsible="accordion">
													</ul>
												</div>
											</div>
										</li>
										<li class="collection-item test displayed pass" extentid="d4a54d55-d9af-4201-a971-3c73ca707f0b">
											<div class="test-head">
												<span class="test-name">C2618_PatientOrg2_EmailValidation2 </span>
												<span class="test-status label right outline capitalize pass">pass</span>
												<span class="category-assigned hide "></span>
											</div>
											<div class="test-body">
												<div class="test-info">
													<span title="Test started time" alt="Test started time" class="test-started-time label green lighten-1 text-white">2024-11-08 03:42:14</span>
													<span title="Test ended time" alt="Test ended time" class="test-ended-time label red lighten-1 text-white">2024-11-08 03:42:41</span>
													<span title="Time taken to finish" alt="Time taken to finish" class="test-time-taken label blue-grey lighten-3 text-white">0h 0m 26s+995ms</span>
												</div>
												<div class="test-desc"></div>
												<div class="test-attributes">
												</div>
												<div class="test-steps">
													<table class="bordered table-results">
														<thead>
															<tr>
																<th>Status</th>
																<th>Timestamp</th>
																<th>Details</th>
															</tr>
														</thead>
														<tbody>
																<tr>
																	<td class="status pass" title="pass" alt="pass"><i class="mdi-action-check-circle"></i></td>
																	<td class="timestamp">03:42:33</td>
																	<td class="step-details">Step No: 80 - PASS -  email validation  -- executed successfully</td>
																</tr>
																<tr>
																	<td class="status pass" title="pass" alt="pass"><i class="mdi-action-check-circle"></i></td>
																	<td class="timestamp">03:42:36</td>
																	<td class="step-details">Step No: 81 - PASS - Logout from New Patient -- executed successfully</td>
																</tr>
																<tr>
																	<td class="status pass" title="pass" alt="pass"><i class="mdi-action-check-circle"></i></td>
																	<td class="timestamp">03:42:39</td>
																	<td class="step-details">Step No: 82 - PASS - Mark test user for  New Patient -- executed successfully</td>
																</tr>
																<tr>
																	<td class="status pass" title="pass" alt="pass"><i class="mdi-action-check-circle"></i></td>
																	<td class="timestamp">03:42:41</td>
																	<td class="step-details">PASS-Test case Executed Successfully</td>
																</tr>
														</tbody>
													</table>
													<ul class="collapsible node-list" data-collapsible="accordion">
													</ul>
												</div>
											</div>
										</li>
										<li class="collection-item test displayed pass" extentid="6f99651f-8299-40f6-ad4f-6aeb3d06a42d">
											<div class="test-head">
												<span class="test-name">C2619_Provider_FilterOrgPatient </span>
												<span class="test-status label right outline capitalize pass">pass</span>
												<span class="category-assigned hide "></span>
											</div>
											<div class="test-body">
												<div class="test-info">
													<span title="Test started time" alt="Test started time" class="test-started-time label green lighten-1 text-white">2024-11-08 03:42:44</span>
													<span title="Test ended time" alt="Test ended time" class="test-ended-time label red lighten-1 text-white">2024-11-08 03:44:07</span>
													<span title="Time taken to finish" alt="Time taken to finish" class="test-time-taken label blue-grey lighten-3 text-white">0h 1m 23s+282ms</span>
												</div>
												<div class="test-desc"></div>
												<div class="test-attributes">
												</div>
												<div class="test-steps">
													<table class="bordered table-results">
														<thead>
															<tr>
																<th>Status</th>
																<th>Timestamp</th>
																<th>Details</th>
															</tr>
														</thead>
														<tbody>
																<tr>
																	<td class="status pass" title="pass" alt="pass"><i class="mdi-action-check-circle"></i></td>
																	<td class="timestamp">03:42:50</td>
																	<td class="step-details">Step No: 83 - PASS -  Login To Provider with multiple organization  -- executed successfully</td>
																</tr>
																<tr>
																	<td class="status pass" title="pass" alt="pass"><i class="mdi-action-check-circle"></i></td>
																	<td class="timestamp">03:44:02</td>
																	<td class="step-details">Step No: 84 - PASS - validate organization filter and patient list  -- executed successfully</td>
																</tr>
																<tr>
																	<td class="status pass" title="pass" alt="pass"><i class="mdi-action-check-circle"></i></td>
																	<td class="timestamp">03:44:05</td>
																	<td class="step-details">Step No: 85 - PASS - Logout from New Patient -- executed successfully</td>
																</tr>
																<tr>
																	<td class="status pass" title="pass" alt="pass"><i class="mdi-action-check-circle"></i></td>
																	<td class="timestamp">03:44:07</td>
																	<td class="step-details">PASS-Test case Executed Successfully</td>
																</tr>
														</tbody>
													</table>
													<ul class="collapsible node-list" data-collapsible="accordion">
													</ul>
												</div>
											</div>
										</li>
										<li class="collection-item test displayed fail" extentid="19bf6b72-ae45-4c59-a3c4-42fc6e3ded39">
											<div class="test-head">
												<span class="test-name">C2641_Provider_ScheduleNewAppointment_Patient1 </span>
												<span class="test-status label right outline capitalize fail">fail</span>
												<span class="category-assigned hide "></span>
											</div>
											<div class="test-body">
												<div class="test-info">
													<span title="Test started time" alt="Test started time" class="test-started-time label green lighten-1 text-white">2024-11-08 03:44:10</span>
													<span title="Test ended time" alt="Test ended time" class="test-ended-time label red lighten-1 text-white">2024-11-08 03:45:11</span>
													<span title="Time taken to finish" alt="Time taken to finish" class="test-time-taken label blue-grey lighten-3 text-white">0h 1m 1s+162ms</span>
												</div>
												<div class="test-desc"></div>
												<div class="test-attributes">
												</div>
												<div class="test-steps">
													<table class="bordered table-results">
														<thead>
															<tr>
																<th>Status</th>
																<th>Timestamp</th>
																<th>Details</th>
															</tr>
														</thead>
														<tbody>
																<tr>
																	<td class="status pass" title="pass" alt="pass"><i class="mdi-action-check-circle"></i></td>
																	<td class="timestamp">03:44:16</td>
																	<td class="step-details">Step No: 86 - PASS - Login to Provider -- executed successfully</td>
																</tr>
																<tr>
																	<td class="status fail" title="fail" alt="fail"><i class="mdi-navigation-cancel"></i></td>
																	<td class="timestamp">03:45:11</td>
																	<td class="step-details">FAIL - C2641_Provider_ScheduleNewAppointment_Patient1</td>
																</tr>
																<tr>
																	<td class="status fail" title="fail" alt="fail"><i class="mdi-navigation-cancel"></i></td>
																	<td class="timestamp">03:45:11</td>
																	<td class="step-details"><pre>java.lang.AssertionError: Unable to locate the element
	at org.testng.Assert.fail(Assert.java:93)
	at Pages.WebAction.element(WebAction.java:1314)
	at Pages.ProviderAppointmentsPage.clickNewAppointment(ProviderAppointmentsPage.java:76)
	at ProviderMultiOrganization.C2641_Provider_ScheduleNewAppointment_Patient1.patientCreation(C2641_Provider_ScheduleNewAppointment_Patient1.java:33)
	at java.base/jdk.internal.reflect.NativeMethodAccessorImpl.invoke0(Native Method)
	at java.base/jdk.internal.reflect.NativeMethodAccessorImpl.invoke(NativeMethodAccessorImpl.java:77)
	at java.base/jdk.internal.reflect.DelegatingMethodAccessorImpl.invoke(DelegatingMethodAccessorImpl.java:43)
	at java.base/java.lang.reflect.Method.invoke(Method.java:569)
	at org.testng.internal.MethodInvocationHelper.invokeMethod(MethodInvocationHelper.java:108)
	at org.testng.internal.Invoker.invokeMethod(Invoker.java:661)
	at org.testng.internal.Invoker.invokeTestMethod(Invoker.java:869)
	at org.testng.internal.Invoker.invokeTestMethods(Invoker.java:1193)
	at org.testng.internal.TestMethodWorker.invokeTestMethods(TestMethodWorker.java:126)
	at org.testng.internal.TestMethodWorker.run(TestMethodWorker.java:109)
	at org.testng.TestRunner.privateRun(TestRunner.java:744)
	at org.testng.TestRunner.run(TestRunner.java:602)
	at org.testng.SuiteRunner.runTest(SuiteRunner.java:380)
	at org.testng.SuiteRunner.runSequentially(SuiteRunner.java:375)
	at org.testng.SuiteRunner.privateRun(SuiteRunner.java:340)
	at org.testng.SuiteRunner.run(SuiteRunner.java:289)
	at org.testng.SuiteRunnerWorker.runSuite(SuiteRunnerWorker.java:52)
	at org.testng.SuiteRunnerWorker.run(SuiteRunnerWorker.java:86)
	at org.testng.TestNG.runSuitesSequentially(TestNG.java:1301)
	at org.testng.TestNG.runSuitesLocally(TestNG.java:1226)
	at org.testng.TestNG.runSuites(TestNG.java:1144)
	at org.testng.TestNG.run(TestNG.java:1115)
	at Framework.TestNGXML.xml(TestNGXML.java:184)
	at Framework.TestNGXML.main(TestNGXML.java:203)
	at java.base/jdk.internal.reflect.NativeMethodAccessorImpl.invoke0(Native Method)
	at java.base/jdk.internal.reflect.NativeMethodAccessorImpl.invoke(NativeMethodAccessorImpl.java:77)
	at java.base/jdk.internal.reflect.DelegatingMethodAccessorImpl.invoke(DelegatingMethodAccessorImpl.java:43)
	at java.base/java.lang.reflect.Method.invoke(Method.java:569)
	at org.codehaus.mojo.exec.ExecJavaMojo$1.run(ExecJavaMojo.java:282)
	at java.base/java.lang.Thread.run(Thread.java:840)
</pre></td>
																</tr>
																<tr>
																	<td class="status fail" title="fail" alt="fail"><i class="mdi-navigation-cancel"></i></td>
																	<td class="timestamp">03:45:11</td>
																	<td class="step-details">Snapshot below: C2641_Provider_ScheduleNewAppointment_Patient1.patientCreation(java.lang.String)[pri:0, instance:ProviderMultiOrganization.C2641_Provider_ScheduleNewAppointment_Patient1@5367a37e]<a href="08-11-2024UatPackNew_files/patientCreation_2024-11-08-03-45-11.png" data-featherlight="image"><img class="report-img" src="08-11-2024UatPackNew_files/patientCreation_2024-11-08-03-45-11.png"></a></td>
																</tr>
														</tbody>
													</table>
													<ul class="collapsible node-list" data-collapsible="accordion">
													</ul>
												</div>
											</div>
										</li>
										<li class="collection-item test displayed fail" extentid="2ded6eef-4b93-426a-a203-c73020007c77">
											<div class="test-head">
												<span class="test-name">C2642_Provider_ScheduleNewAppointment_Patient2 </span>
												<span class="test-status label right outline capitalize fail">fail</span>
												<span class="category-assigned hide "></span>
											</div>
											<div class="test-body">
												<div class="test-info">
													<span title="Test started time" alt="Test started time" class="test-started-time label green lighten-1 text-white">2024-11-08 03:45:14</span>
													<span title="Test ended time" alt="Test ended time" class="test-ended-time label red lighten-1 text-white">2024-11-08 03:46:15</span>
													<span title="Time taken to finish" alt="Time taken to finish" class="test-time-taken label blue-grey lighten-3 text-white">0h 1m 1s+189ms</span>
												</div>
												<div class="test-desc"></div>
												<div class="test-attributes">
												</div>
												<div class="test-steps">
													<table class="bordered table-results">
														<thead>
															<tr>
																<th>Status</th>
																<th>Timestamp</th>
																<th>Details</th>
															</tr>
														</thead>
														<tbody>
																<tr>
																	<td class="status pass" title="pass" alt="pass"><i class="mdi-action-check-circle"></i></td>
																	<td class="timestamp">03:45:19</td>
																	<td class="step-details">Step No: 87 - PASS - Login to Provider -- executed successfully</td>
																</tr>
																<tr>
																	<td class="status fail" title="fail" alt="fail"><i class="mdi-navigation-cancel"></i></td>
																	<td class="timestamp">03:46:14</td>
																	<td class="step-details">FAIL - C2642_Provider_ScheduleNewAppointment_Patient2</td>
																</tr>
																<tr>
																	<td class="status fail" title="fail" alt="fail"><i class="mdi-navigation-cancel"></i></td>
																	<td class="timestamp">03:46:14</td>
																	<td class="step-details"><pre>java.lang.AssertionError: Unable to locate the element
	at org.testng.Assert.fail(Assert.java:93)
	at Pages.WebAction.element(WebAction.java:1314)
	at Pages.ProviderAppointmentsPage.clickNewAppointment(ProviderAppointmentsPage.java:76)
	at ProviderMultiOrganization.C2642_Provider_ScheduleNewAppointment_Patient2.patientCreation(C2642_Provider_ScheduleNewAppointment_Patient2.java:33)
	at java.base/jdk.internal.reflect.NativeMethodAccessorImpl.invoke0(Native Method)
	at java.base/jdk.internal.reflect.NativeMethodAccessorImpl.invoke(NativeMethodAccessorImpl.java:77)
	at java.base/jdk.internal.reflect.DelegatingMethodAccessorImpl.invoke(DelegatingMethodAccessorImpl.java:43)
	at java.base/java.lang.reflect.Method.invoke(Method.java:569)
	at org.testng.internal.MethodInvocationHelper.invokeMethod(MethodInvocationHelper.java:108)
	at org.testng.internal.Invoker.invokeMethod(Invoker.java:661)
	at org.testng.internal.Invoker.invokeTestMethod(Invoker.java:869)
	at org.testng.internal.Invoker.invokeTestMethods(Invoker.java:1193)
	at org.testng.internal.TestMethodWorker.invokeTestMethods(TestMethodWorker.java:126)
	at org.testng.internal.TestMethodWorker.run(TestMethodWorker.java:109)
	at org.testng.TestRunner.privateRun(TestRunner.java:744)
	at org.testng.TestRunner.run(TestRunner.java:602)
	at org.testng.SuiteRunner.runTest(SuiteRunner.java:380)
	at org.testng.SuiteRunner.runSequentially(SuiteRunner.java:375)
	at org.testng.SuiteRunner.privateRun(SuiteRunner.java:340)
	at org.testng.SuiteRunner.run(SuiteRunner.java:289)
	at org.testng.SuiteRunnerWorker.runSuite(SuiteRunnerWorker.java:52)
	at org.testng.SuiteRunnerWorker.run(SuiteRunnerWorker.java:86)
	at org.testng.TestNG.runSuitesSequentially(TestNG.java:1301)
	at org.testng.TestNG.runSuitesLocally(TestNG.java:1226)
	at org.testng.TestNG.runSuites(TestNG.java:1144)
	at org.testng.TestNG.run(TestNG.java:1115)
	at Framework.TestNGXML.xml(TestNGXML.java:184)
	at Framework.TestNGXML.main(TestNGXML.java:203)
	at java.base/jdk.internal.reflect.NativeMethodAccessorImpl.invoke0(Native Method)
	at java.base/jdk.internal.reflect.NativeMethodAccessorImpl.invoke(NativeMethodAccessorImpl.java:77)
	at java.base/jdk.internal.reflect.DelegatingMethodAccessorImpl.invoke(DelegatingMethodAccessorImpl.java:43)
	at java.base/java.lang.reflect.Method.invoke(Method.java:569)
	at org.codehaus.mojo.exec.ExecJavaMojo$1.run(ExecJavaMojo.java:282)
	at java.base/java.lang.Thread.run(Thread.java:840)
</pre></td>
																</tr>
																<tr>
																	<td class="status fail" title="fail" alt="fail"><i class="mdi-navigation-cancel"></i></td>
																	<td class="timestamp">03:46:15</td>
																	<td class="step-details">Snapshot below: C2642_Provider_ScheduleNewAppointment_Patient2.patientCreation(java.lang.String)[pri:0, instance:ProviderMultiOrganization.C2642_Provider_ScheduleNewAppointment_Patient2@20a48716]<a href="08-11-2024UatPackNew_files/patientCreation_2024-11-08-03-46-14.png" data-featherlight="image"><img class="report-img" src="08-11-2024UatPackNew_files/patientCreation_2024-11-08-03-46-14.png"></a></td>
																</tr>
														</tbody>
													</table>
													<ul class="collapsible node-list" data-collapsible="accordion">
													</ul>
												</div>
											</div>
										</li>
										<li class="collection-item test displayed fail" extentid="b8995435-e724-4409-9daf-2cf90a16a146">
											<div class="test-head">
												<span class="test-name">C2643_Patient1_ValidateNewAppointmentt </span>
												<span class="test-status label right outline capitalize fail">fail</span>
												<span class="category-assigned hide "></span>
											</div>
											<div class="test-body">
												<div class="test-info">
													<span title="Test started time" alt="Test started time" class="test-started-time label green lighten-1 text-white">2024-11-08 03:46:17</span>
													<span title="Test ended time" alt="Test ended time" class="test-ended-time label red lighten-1 text-white">2024-11-08 03:46:50</span>
													<span title="Time taken to finish" alt="Time taken to finish" class="test-time-taken label blue-grey lighten-3 text-white">0h 0m 32s+766ms</span>
												</div>
												<div class="test-desc"></div>
												<div class="test-attributes">
												</div>
												<div class="test-steps">
													<table class="bordered table-results">
														<thead>
															<tr>
																<th>Status</th>
																<th>Timestamp</th>
																<th>Details</th>
															</tr>
														</thead>
														<tbody>
																<tr>
																	<td class="status pass" title="pass" alt="pass"><i class="mdi-action-check-circle"></i></td>
																	<td class="timestamp">03:46:23</td>
																	<td class="step-details">Step No: 88 - PASS - Login to Patient -- executed successfully</td>
																</tr>
																<tr>
																	<td class="status fail" title="fail" alt="fail"><i class="mdi-navigation-cancel"></i></td>
																	<td class="timestamp">03:46:49</td>
																	<td class="step-details">FAIL - View and Validate New Appointment</td>
																</tr>
																<tr>
																	<td class="status fail" title="fail" alt="fail"><i class="mdi-navigation-cancel"></i></td>
																	<td class="timestamp">03:46:50</td>
																	<td class="step-details"><pre>java.lang.AssertionError: expected [true] but found [false]
	at org.testng.Assert.fail(Assert.java:93)
	at org.testng.Assert.failNotEquals(Assert.java:512)
	at org.testng.Assert.assertTrue(Assert.java:41)
	at org.testng.Assert.assertTrue(Assert.java:51)
	at Pages.PatientAppointmentsPage.validateScheduledAppointments(PatientAppointmentsPage.java:189)
	at ProviderMultiOrganization.C2643_Patient1_ValidateNewAppointment.patientCreation(C2643_Patient1_ValidateNewAppointment.java:36)
	at java.base/jdk.internal.reflect.NativeMethodAccessorImpl.invoke0(Native Method)
	at java.base/jdk.internal.reflect.NativeMethodAccessorImpl.invoke(NativeMethodAccessorImpl.java:77)
	at java.base/jdk.internal.reflect.DelegatingMethodAccessorImpl.invoke(DelegatingMethodAccessorImpl.java:43)
	at java.base/java.lang.reflect.Method.invoke(Method.java:569)
	at org.testng.internal.MethodInvocationHelper.invokeMethod(MethodInvocationHelper.java:108)
	at org.testng.internal.Invoker.invokeMethod(Invoker.java:661)
	at org.testng.internal.Invoker.invokeTestMethod(Invoker.java:869)
	at org.testng.internal.Invoker.invokeTestMethods(Invoker.java:1193)
	at org.testng.internal.TestMethodWorker.invokeTestMethods(TestMethodWorker.java:126)
	at org.testng.internal.TestMethodWorker.run(TestMethodWorker.java:109)
	at org.testng.TestRunner.privateRun(TestRunner.java:744)
	at org.testng.TestRunner.run(TestRunner.java:602)
	at org.testng.SuiteRunner.runTest(SuiteRunner.java:380)
	at org.testng.SuiteRunner.runSequentially(SuiteRunner.java:375)
	at org.testng.SuiteRunner.privateRun(SuiteRunner.java:340)
	at org.testng.SuiteRunner.run(SuiteRunner.java:289)
	at org.testng.SuiteRunnerWorker.runSuite(SuiteRunnerWorker.java:52)
	at org.testng.SuiteRunnerWorker.run(SuiteRunnerWorker.java:86)
	at org.testng.TestNG.runSuitesSequentially(TestNG.java:1301)
	at org.testng.TestNG.runSuitesLocally(TestNG.java:1226)
	at org.testng.TestNG.runSuites(TestNG.java:1144)
	at org.testng.TestNG.run(TestNG.java:1115)
	at Framework.TestNGXML.xml(TestNGXML.java:184)
	at Framework.TestNGXML.main(TestNGXML.java:203)
	at java.base/jdk.internal.reflect.NativeMethodAccessorImpl.invoke0(Native Method)
	at java.base/jdk.internal.reflect.NativeMethodAccessorImpl.invoke(NativeMethodAccessorImpl.java:77)
	at java.base/jdk.internal.reflect.DelegatingMethodAccessorImpl.invoke(DelegatingMethodAccessorImpl.java:43)
	at java.base/java.lang.reflect.Method.invoke(Method.java:569)
	at org.codehaus.mojo.exec.ExecJavaMojo$1.run(ExecJavaMojo.java:282)
	at java.base/java.lang.Thread.run(Thread.java:840)
</pre></td>
																</tr>
																<tr>
																	<td class="status fail" title="fail" alt="fail"><i class="mdi-navigation-cancel"></i></td>
																	<td class="timestamp">03:46:50</td>
																	<td class="step-details">Snapshot below: C2643_Patient1_ValidateNewAppointment.patientCreation(java.lang.String)[pri:0, instance:ProviderMultiOrganization.C2643_Patient1_ValidateNewAppointment@172e3983]<a href="08-11-2024UatPackNew_files/patientCreation_2024-11-08-03-46-50.png" data-featherlight="image"><img class="report-img" src="08-11-2024UatPackNew_files/patientCreation_2024-11-08-03-46-50.png"></a></td>
																</tr>
														</tbody>
													</table>
													<ul class="collapsible node-list" data-collapsible="accordion">
													</ul>
												</div>
											</div>
										</li>
										<li class="collection-item test displayed fail" extentid="6a4796b0-b982-4c0d-9e97-c2945b9eedcc">
											<div class="test-head">
												<span class="test-name">C2644_Patient2_ValidateNewAppointment </span>
												<span class="test-status label right outline capitalize fail">fail</span>
												<span class="category-assigned hide "></span>
											</div>
											<div class="test-body">
												<div class="test-info">
													<span title="Test started time" alt="Test started time" class="test-started-time label green lighten-1 text-white">2024-11-08 03:46:53</span>
													<span title="Test ended time" alt="Test ended time" class="test-ended-time label red lighten-1 text-white">2024-11-08 03:47:25</span>
													<span title="Time taken to finish" alt="Time taken to finish" class="test-time-taken label blue-grey lighten-3 text-white">0h 0m 32s+784ms</span>
												</div>
												<div class="test-desc"></div>
												<div class="test-attributes">
												</div>
												<div class="test-steps">
													<table class="bordered table-results">
														<thead>
															<tr>
																<th>Status</th>
																<th>Timestamp</th>
																<th>Details</th>
															</tr>
														</thead>
														<tbody>
																<tr>
																	<td class="status pass" title="pass" alt="pass"><i class="mdi-action-check-circle"></i></td>
																	<td class="timestamp">03:46:58</td>
																	<td class="step-details">Step No: 89 - PASS - Login to Patient -- executed successfully</td>
																</tr>
																<tr>
																	<td class="status fail" title="fail" alt="fail"><i class="mdi-navigation-cancel"></i></td>
																	<td class="timestamp">03:47:25</td>
																	<td class="step-details">FAIL - View and Validate New Appointment</td>
																</tr>
																<tr>
																	<td class="status fail" title="fail" alt="fail"><i class="mdi-navigation-cancel"></i></td>
																	<td class="timestamp">03:47:25</td>
																	<td class="step-details"><pre>java.lang.AssertionError: expected [true] but found [false]
	at org.testng.Assert.fail(Assert.java:93)
	at org.testng.Assert.failNotEquals(Assert.java:512)
	at org.testng.Assert.assertTrue(Assert.java:41)
	at org.testng.Assert.assertTrue(Assert.java:51)
	at Pages.PatientAppointmentsPage.validateScheduledAppointments(PatientAppointmentsPage.java:189)
	at ProviderMultiOrganization.C2644_Patient2_ValidateNewAppointment.patientCreation(C2644_Patient2_ValidateNewAppointment.java:36)
	at java.base/jdk.internal.reflect.NativeMethodAccessorImpl.invoke0(Native Method)
	at java.base/jdk.internal.reflect.NativeMethodAccessorImpl.invoke(NativeMethodAccessorImpl.java:77)
	at java.base/jdk.internal.reflect.DelegatingMethodAccessorImpl.invoke(DelegatingMethodAccessorImpl.java:43)
	at java.base/java.lang.reflect.Method.invoke(Method.java:569)
	at org.testng.internal.MethodInvocationHelper.invokeMethod(MethodInvocationHelper.java:108)
	at org.testng.internal.Invoker.invokeMethod(Invoker.java:661)
	at org.testng.internal.Invoker.invokeTestMethod(Invoker.java:869)
	at org.testng.internal.Invoker.invokeTestMethods(Invoker.java:1193)
	at org.testng.internal.TestMethodWorker.invokeTestMethods(TestMethodWorker.java:126)
	at org.testng.internal.TestMethodWorker.run(TestMethodWorker.java:109)
	at org.testng.TestRunner.privateRun(TestRunner.java:744)
	at org.testng.TestRunner.run(TestRunner.java:602)
	at org.testng.SuiteRunner.runTest(SuiteRunner.java:380)
	at org.testng.SuiteRunner.runSequentially(SuiteRunner.java:375)
	at org.testng.SuiteRunner.privateRun(SuiteRunner.java:340)
	at org.testng.SuiteRunner.run(SuiteRunner.java:289)
	at org.testng.SuiteRunnerWorker.runSuite(SuiteRunnerWorker.java:52)
	at org.testng.SuiteRunnerWorker.run(SuiteRunnerWorker.java:86)
	at org.testng.TestNG.runSuitesSequentially(TestNG.java:1301)
	at org.testng.TestNG.runSuitesLocally(TestNG.java:1226)
	at org.testng.TestNG.runSuites(TestNG.java:1144)
	at org.testng.TestNG.run(TestNG.java:1115)
	at Framework.TestNGXML.xml(TestNGXML.java:184)
	at Framework.TestNGXML.main(TestNGXML.java:203)
	at java.base/jdk.internal.reflect.NativeMethodAccessorImpl.invoke0(Native Method)
	at java.base/jdk.internal.reflect.NativeMethodAccessorImpl.invoke(NativeMethodAccessorImpl.java:77)
	at java.base/jdk.internal.reflect.DelegatingMethodAccessorImpl.invoke(DelegatingMethodAccessorImpl.java:43)
	at java.base/java.lang.reflect.Method.invoke(Method.java:569)
	at org.codehaus.mojo.exec.ExecJavaMojo$1.run(ExecJavaMojo.java:282)
	at java.base/java.lang.Thread.run(Thread.java:840)
</pre></td>
																</tr>
																<tr>
																	<td class="status fail" title="fail" alt="fail"><i class="mdi-navigation-cancel"></i></td>
																	<td class="timestamp">03:47:25</td>
																	<td class="step-details">Snapshot below: C2644_Patient2_ValidateNewAppointment.patientCreation(java.lang.String)[pri:0, instance:ProviderMultiOrganization.C2644_Patient2_ValidateNewAppointment@39f0000f]<a href="08-11-2024UatPackNew_files/patientCreation_2024-11-08-03-47-25.png" data-featherlight="image"><img class="report-img" src="08-11-2024UatPackNew_files/patientCreation_2024-11-08-03-47-25.png"></a></td>
																</tr>
														</tbody>
													</table>
													<ul class="collapsible node-list" data-collapsible="accordion">
													</ul>
												</div>
											</div>
										</li>
										<li class="collection-item test displayed pass" extentid="2031f6d0-9755-4c17-a71f-e5012e9e6392">
											<div class="test-head">
												<span class="test-name">C2839_Provider_ClinicBMICalculation </span>
												<span class="test-status label right outline capitalize pass">pass</span>
												<span class="category-assigned hide "></span>
											</div>
											<div class="test-body">
												<div class="test-info">
													<span title="Test started time" alt="Test started time" class="test-started-time label green lighten-1 text-white">2024-11-08 03:47:28</span>
													<span title="Test ended time" alt="Test ended time" class="test-ended-time label red lighten-1 text-white">2024-11-08 03:48:41</span>
													<span title="Time taken to finish" alt="Time taken to finish" class="test-time-taken label blue-grey lighten-3 text-white">0h 1m 12s+907ms</span>
												</div>
												<div class="test-desc"></div>
												<div class="test-attributes">
												</div>
												<div class="test-steps">
													<table class="bordered table-results">
														<thead>
															<tr>
																<th>Status</th>
																<th>Timestamp</th>
																<th>Details</th>
															</tr>
														</thead>
														<tbody>
																<tr>
																	<td class="status pass" title="pass" alt="pass"><i class="mdi-action-check-circle"></i></td>
																	<td class="timestamp">03:47:33</td>
																	<td class="step-details">Step No: 90 - PASS - Login to Provider -- executed successfully</td>
																</tr>
																<tr>
																	<td class="status pass" title="pass" alt="pass"><i class="mdi-action-check-circle"></i></td>
																	<td class="timestamp">03:48:36</td>
																	<td class="step-details">Step No: 91 - PASS - Add vitals for clinic from Provider -- executed successfully</td>
																</tr>
																<tr>
																	<td class="status pass" title="pass" alt="pass"><i class="mdi-action-check-circle"></i></td>
																	<td class="timestamp">03:48:39</td>
																	<td class="step-details">Step No: 92 - PASS - Logout from provider -- executed successfully</td>
																</tr>
																<tr>
																	<td class="status pass" title="pass" alt="pass"><i class="mdi-action-check-circle"></i></td>
																	<td class="timestamp">03:48:41</td>
																	<td class="step-details">PASS-Test case Executed Successfully</td>
																</tr>
														</tbody>
													</table>
													<ul class="collapsible node-list" data-collapsible="accordion">
													</ul>
												</div>
											</div>
										</li>
										<li class="collection-item test displayed pass" extentid="3d7139f7-6fc7-4132-b1c4-b9ba5a86e28a">
											<div class="test-head">
												<span class="test-name">C2840_Provider_EHRBMICalculation </span>
												<span class="test-status label right outline capitalize pass">pass</span>
												<span class="category-assigned hide "></span>
											</div>
											<div class="test-body">
												<div class="test-info">
													<span title="Test started time" alt="Test started time" class="test-started-time label green lighten-1 text-white">2024-11-08 03:48:43</span>
													<span title="Test ended time" alt="Test ended time" class="test-ended-time label red lighten-1 text-white">2024-11-08 03:49:56</span>
													<span title="Time taken to finish" alt="Time taken to finish" class="test-time-taken label blue-grey lighten-3 text-white">0h 1m 12s+417ms</span>
												</div>
												<div class="test-desc"></div>
												<div class="test-attributes">
												</div>
												<div class="test-steps">
													<table class="bordered table-results">
														<thead>
															<tr>
																<th>Status</th>
																<th>Timestamp</th>
																<th>Details</th>
															</tr>
														</thead>
														<tbody>
																<tr>
																	<td class="status pass" title="pass" alt="pass"><i class="mdi-action-check-circle"></i></td>
																	<td class="timestamp">03:48:49</td>
																	<td class="step-details">Step No: 93 - PASS - Login to Provider -- executed successfully</td>
																</tr>
																<tr>
																	<td class="status pass" title="pass" alt="pass"><i class="mdi-action-check-circle"></i></td>
																	<td class="timestamp">03:49:51</td>
																	<td class="step-details">Step No: 94 - PASS - Add vitals for EHR data from Provider -- executed successfully</td>
																</tr>
																<tr>
																	<td class="status pass" title="pass" alt="pass"><i class="mdi-action-check-circle"></i></td>
																	<td class="timestamp">03:49:54</td>
																	<td class="step-details">Step No: 95 - PASS - Logout from provider -- executed successfully</td>
																</tr>
																<tr>
																	<td class="status pass" title="pass" alt="pass"><i class="mdi-action-check-circle"></i></td>
																	<td class="timestamp">03:49:56</td>
																	<td class="step-details">PASS-Test case Executed Successfully</td>
																</tr>
														</tbody>
													</table>
													<ul class="collapsible node-list" data-collapsible="accordion">
													</ul>
												</div>
											</div>
										</li>
										<li class="collection-item test displayed pass" extentid="e3ee1d72-0661-4eaf-aa01-c4575e143858">
											<div class="test-head">
												<span class="test-name">C2841_Provider_DeviceBMICalculation </span>
												<span class="test-status label right outline capitalize pass">pass</span>
												<span class="category-assigned hide "></span>
											</div>
											<div class="test-body">
												<div class="test-info">
													<span title="Test started time" alt="Test started time" class="test-started-time label green lighten-1 text-white">2024-11-08 03:49:59</span>
													<span title="Test ended time" alt="Test ended time" class="test-ended-time label red lighten-1 text-white">2024-11-08 03:51:11</span>
													<span title="Time taken to finish" alt="Time taken to finish" class="test-time-taken label blue-grey lighten-3 text-white">0h 1m 12s+543ms</span>
												</div>
												<div class="test-desc"></div>
												<div class="test-attributes">
												</div>
												<div class="test-steps">
													<table class="bordered table-results">
														<thead>
															<tr>
																<th>Status</th>
																<th>Timestamp</th>
																<th>Details</th>
															</tr>
														</thead>
														<tbody>
																<tr>
																	<td class="status pass" title="pass" alt="pass"><i class="mdi-action-check-circle"></i></td>
																	<td class="timestamp">03:50:04</td>
																	<td class="step-details">Step No: 96 - PASS - Login to Provider -- executed successfully</td>
																</tr>
																<tr>
																	<td class="status pass" title="pass" alt="pass"><i class="mdi-action-check-circle"></i></td>
																	<td class="timestamp">03:51:06</td>
																	<td class="step-details">Step No: 97 - PASS - Add vitals for Device data from Provider -- executed successfully</td>
																</tr>
																<tr>
																	<td class="status pass" title="pass" alt="pass"><i class="mdi-action-check-circle"></i></td>
																	<td class="timestamp">03:51:09</td>
																	<td class="step-details">Step No: 98 - PASS - Logout from provider -- executed successfully</td>
																</tr>
																<tr>
																	<td class="status pass" title="pass" alt="pass"><i class="mdi-action-check-circle"></i></td>
																	<td class="timestamp">03:51:11</td>
																	<td class="step-details">PASS-Test case Executed Successfully</td>
																</tr>
														</tbody>
													</table>
													<ul class="collapsible node-list" data-collapsible="accordion">
													</ul>
												</div>
											</div>
										</li>
										<li class="collection-item test displayed pass" extentid="e09244d3-b45e-41c0-8f66-2e0e16eaffd5">
											<div class="test-head">
												<span class="test-name">C2842_Provider_PatientBMICalculation </span>
												<span class="test-status label right outline capitalize pass">pass</span>
												<span class="category-assigned hide "></span>
											</div>
											<div class="test-body">
												<div class="test-info">
													<span title="Test started time" alt="Test started time" class="test-started-time label green lighten-1 text-white">2024-11-08 03:51:14</span>
													<span title="Test ended time" alt="Test ended time" class="test-ended-time label red lighten-1 text-white">2024-11-08 03:52:26</span>
													<span title="Time taken to finish" alt="Time taken to finish" class="test-time-taken label blue-grey lighten-3 text-white">0h 1m 11s+977ms</span>
												</div>
												<div class="test-desc"></div>
												<div class="test-attributes">
												</div>
												<div class="test-steps">
													<table class="bordered table-results">
														<thead>
															<tr>
																<th>Status</th>
																<th>Timestamp</th>
																<th>Details</th>
															</tr>
														</thead>
														<tbody>
																<tr>
																	<td class="status pass" title="pass" alt="pass"><i class="mdi-action-check-circle"></i></td>
																	<td class="timestamp">03:51:20</td>
																	<td class="step-details">Step No: 99 - PASS - Login to Provider -- executed successfully</td>
																</tr>
																<tr>
																	<td class="status pass" title="pass" alt="pass"><i class="mdi-action-check-circle"></i></td>
																	<td class="timestamp">03:52:21</td>
																	<td class="step-details">Step No: 100 - PASS - Add vitals for Patient data from Provider -- executed successfully</td>
																</tr>
																<tr>
																	<td class="status pass" title="pass" alt="pass"><i class="mdi-action-check-circle"></i></td>
																	<td class="timestamp">03:52:24</td>
																	<td class="step-details">Step No: 101 - PASS - Logout from provider -- executed successfully</td>
																</tr>
																<tr>
																	<td class="status pass" title="pass" alt="pass"><i class="mdi-action-check-circle"></i></td>
																	<td class="timestamp">03:52:26</td>
																	<td class="step-details">PASS-Test case Executed Successfully</td>
																</tr>
														</tbody>
													</table>
													<ul class="collapsible node-list" data-collapsible="accordion">
													</ul>
												</div>
											</div>
										</li>
										<li class="collection-item test displayed fail" extentid="8031e697-77d4-4f2b-856a-0b2940bb1d5d">
											<div class="test-head">
												<span class="test-name">C232612_Provider_Block_Time </span>
												<span class="test-status label right outline capitalize fail">fail</span>
												<span class="category-assigned hide "></span>
											</div>
											<div class="test-body">
												<div class="test-info">
													<span title="Test started time" alt="Test started time" class="test-started-time label green lighten-1 text-white">2024-11-08 03:52:29</span>
													<span title="Test ended time" alt="Test ended time" class="test-ended-time label red lighten-1 text-white">2024-11-08 03:54:18</span>
													<span title="Time taken to finish" alt="Time taken to finish" class="test-time-taken label blue-grey lighten-3 text-white">0h 1m 48s+867ms</span>
												</div>
												<div class="test-desc"></div>
												<div class="test-attributes">
												</div>
												<div class="test-steps">
													<table class="bordered table-results">
														<thead>
															<tr>
																<th>Status</th>
																<th>Timestamp</th>
																<th>Details</th>
															</tr>
														</thead>
														<tbody>
																<tr>
																	<td class="status pass" title="pass" alt="pass"><i class="mdi-action-check-circle"></i></td>
																	<td class="timestamp">03:52:34</td>
																	<td class="step-details">Step No: 102 - PASS - Login to Provider -- executed successfully</td>
																</tr>
																<tr>
																	<td class="status fail" title="fail" alt="fail"><i class="mdi-navigation-cancel"></i></td>
																	<td class="timestamp">03:54:17</td>
																	<td class="step-details">FAIL - Schedule New and Edit Block</td>
																</tr>
																<tr>
																	<td class="status fail" title="fail" alt="fail"><i class="mdi-navigation-cancel"></i></td>
																	<td class="timestamp">03:54:17</td>
																	<td class="step-details"><pre>java.lang.AssertionError: Unable to locate the element
	at org.testng.Assert.fail(Assert.java:93)
	at Pages.WebAction.element(WebAction.java:1314)
	at Pages.ProviderAppointmentsPage.clickEditBlockTime(ProviderAppointmentsPage.java:468)
	at ExistingProviderExistingPatient.C232612_Provider_Block_Time.patientCreation(C232612_Provider_Block_Time.java:45)
	at java.base/jdk.internal.reflect.NativeMethodAccessorImpl.invoke0(Native Method)
	at java.base/jdk.internal.reflect.NativeMethodAccessorImpl.invoke(NativeMethodAccessorImpl.java:77)
	at java.base/jdk.internal.reflect.DelegatingMethodAccessorImpl.invoke(DelegatingMethodAccessorImpl.java:43)
	at java.base/java.lang.reflect.Method.invoke(Method.java:569)
	at org.testng.internal.MethodInvocationHelper.invokeMethod(MethodInvocationHelper.java:108)
	at org.testng.internal.Invoker.invokeMethod(Invoker.java:661)
	at org.testng.internal.Invoker.invokeTestMethod(Invoker.java:869)
	at org.testng.internal.Invoker.invokeTestMethods(Invoker.java:1193)
	at org.testng.internal.TestMethodWorker.invokeTestMethods(TestMethodWorker.java:126)
	at org.testng.internal.TestMethodWorker.run(TestMethodWorker.java:109)
	at org.testng.TestRunner.privateRun(TestRunner.java:744)
	at org.testng.TestRunner.run(TestRunner.java:602)
	at org.testng.SuiteRunner.runTest(SuiteRunner.java:380)
	at org.testng.SuiteRunner.runSequentially(SuiteRunner.java:375)
	at org.testng.SuiteRunner.privateRun(SuiteRunner.java:340)
	at org.testng.SuiteRunner.run(SuiteRunner.java:289)
	at org.testng.SuiteRunnerWorker.runSuite(SuiteRunnerWorker.java:52)
	at org.testng.SuiteRunnerWorker.run(SuiteRunnerWorker.java:86)
	at org.testng.TestNG.runSuitesSequentially(TestNG.java:1301)
	at org.testng.TestNG.runSuitesLocally(TestNG.java:1226)
	at org.testng.TestNG.runSuites(TestNG.java:1144)
	at org.testng.TestNG.run(TestNG.java:1115)
	at Framework.TestNGXML.xml(TestNGXML.java:184)
	at Framework.TestNGXML.main(TestNGXML.java:203)
	at java.base/jdk.internal.reflect.NativeMethodAccessorImpl.invoke0(Native Method)
	at java.base/jdk.internal.reflect.NativeMethodAccessorImpl.invoke(NativeMethodAccessorImpl.java:77)
	at java.base/jdk.internal.reflect.DelegatingMethodAccessorImpl.invoke(DelegatingMethodAccessorImpl.java:43)
	at java.base/java.lang.reflect.Method.invoke(Method.java:569)
	at org.codehaus.mojo.exec.ExecJavaMojo$1.run(ExecJavaMojo.java:282)
	at java.base/java.lang.Thread.run(Thread.java:840)
</pre></td>
																</tr>
																<tr>
																	<td class="status fail" title="fail" alt="fail"><i class="mdi-navigation-cancel"></i></td>
																	<td class="timestamp">03:54:18</td>
																	<td class="step-details">Snapshot below: C232612_Provider_Block_Time.patientCreation(java.lang.String)[pri:0, instance:ExistingProviderExistingPatient.C232612_Provider_Block_Time@5ef3a488]<a href="08-11-2024UatPackNew_files/patientCreation_2024-11-08-03-54-17.png" data-featherlight="image"><img class="report-img" src="08-11-2024UatPackNew_files/patientCreation_2024-11-08-03-54-17.png"></a></td>
																</tr>
														</tbody>
													</table>
													<ul class="collapsible node-list" data-collapsible="accordion">
													</ul>
												</div>
											</div>
										</li>
										<li class="collection-item test displayed pass" extentid="ad85dad4-15b9-44b2-9c64-4d84b58fc2a5">
											<div class="test-head">
												<span class="test-name">C6328_Provider_Logging_NutritionGoal </span>
												<span class="test-status label right outline capitalize pass">pass</span>
												<span class="category-assigned hide "></span>
											</div>
											<div class="test-body">
												<div class="test-info">
													<span title="Test started time" alt="Test started time" class="test-started-time label green lighten-1 text-white">2024-11-08 03:54:20</span>
													<span title="Test ended time" alt="Test ended time" class="test-ended-time label red lighten-1 text-white">2024-11-08 03:55:32</span>
													<span title="Time taken to finish" alt="Time taken to finish" class="test-time-taken label blue-grey lighten-3 text-white">0h 1m 12s+87ms</span>
												</div>
												<div class="test-desc"></div>
												<div class="test-attributes">
												</div>
												<div class="test-steps">
													<table class="bordered table-results">
														<thead>
															<tr>
																<th>Status</th>
																<th>Timestamp</th>
																<th>Details</th>
															</tr>
														</thead>
														<tbody>
																<tr>
																	<td class="status pass" title="pass" alt="pass"><i class="mdi-action-check-circle"></i></td>
																	<td class="timestamp">03:54:25</td>
																	<td class="step-details">Step No: 103 - PASS - Login to Provider -- executed successfully</td>
																</tr>
																<tr>
																	<td class="status pass" title="pass" alt="pass"><i class="mdi-action-check-circle"></i></td>
																	<td class="timestamp">03:55:11</td>
																	<td class="step-details">Step No: 104 - PASS - Provider Add Nutrition Goal -- executed successfully</td>
																</tr>
																<tr>
																	<td class="status pass" title="pass" alt="pass"><i class="mdi-action-check-circle"></i></td>
																	<td class="timestamp">03:55:27</td>
																	<td class="step-details">Step No: 105 - PASS - Delete Nutrition Goal -- executed successfully</td>
																</tr>
																<tr>
																	<td class="status pass" title="pass" alt="pass"><i class="mdi-action-check-circle"></i></td>
																	<td class="timestamp">03:55:30</td>
																	<td class="step-details">Step No: 106 - PASS - Logout from Provider -- executed successfully</td>
																</tr>
																<tr>
																	<td class="status pass" title="pass" alt="pass"><i class="mdi-action-check-circle"></i></td>
																	<td class="timestamp">03:55:32</td>
																	<td class="step-details">PASS-Test case Executed Successfully</td>
																</tr>
														</tbody>
													</table>
													<ul class="collapsible node-list" data-collapsible="accordion">
													</ul>
												</div>
											</div>
										</li>
								</ul>
							</div>
						</div>
					</div>
				</div>
				<div id="test-details-wrapper" class="col _addedCell2" style="height: 535px; width: 888px;">
					<div class="contents" style="height: 520px;">
						<div class="card-panel details-view">
							<h5 class="details-name">C185060_Televital_BP_WeightData </h5>
							<div class="step-filters right">
								<span class="btn-floating btn-small waves-effect waves-light blue" status="info" alt="info" title="info"><i class="mdi-action-info-outline"></i></span>
								<span class="btn-floating btn-small waves-effect waves-light green" status="pass" alt="pass" title="pass"><i class="mdi-action-check-circle"></i></span>
								<span class="btn-floating btn-small waves-effect waves-light red" status="fail" alt="fail" title="fail"><i class="mdi-navigation-cancel"></i></span>
								<span class="btn-floating btn-small waves-effect waves-light red darken-4" status="fatal" alt="fatal" title="fatal"><i class="mdi-navigation-cancel"></i></span>
								<span class="btn-floating btn-small waves-effect waves-light red lighten-2" status="error" alt="error" title="error"><i class="mdi-alert-error"></i></span>
								<span class="btn-floating btn-small waves-effect waves-light orange" alt="warning" status="warning" title="warning"><i class="mdi-alert-warning"></i></span>
								<span class="btn-floating btn-small waves-effect waves-light cyan" status="skip" alt="skip" title="skip"><i class="mdi-content-redo"></i></span>
								<span class="btn-floating btn-small waves-effect waves-light grey darken-2" status="clear-step-filter" alt="Clear filters" title="Clear filters"><i class="mdi-content-clear"></i></span>
							</div>
							<div class="details-container">
							<div class="test-body">
												<div class="test-info">
													<span title="Test started time" alt="Test started time" class="test-started-time label green lighten-1 text-white">2024-11-08 03:12:13</span>
													<span title="Test ended time" alt="Test ended time" class="test-ended-time label red lighten-1 text-white">2024-11-08 03:12:23</span>
													<span title="Time taken to finish" alt="Time taken to finish" class="test-time-taken label blue-grey lighten-3 text-white">0h 0m 10s+88ms</span>
												</div>
												<div class="test-desc"></div>
												<div class="test-attributes">
												</div>
												<div class="test-steps">
													<table class="bordered table-results">
														<thead>
															<tr>
																<th>Status</th>
																<th>Timestamp</th>
																<th>Details</th>
															</tr>
														</thead>
														<tbody>
																<tr>
																	<td class="status pass" title="pass" alt="pass"><i class="mdi-action-check-circle"></i></td>
																	<td class="timestamp">03:12:18</td>
																	<td class="step-details">Step No: 1 - PASS - Login to Provider -- executed successfully</td>
																</tr>
																<tr>
																	<td class="status pass" title="pass" alt="pass"><i class="mdi-action-check-circle"></i></td>
																	<td class="timestamp">03:12:21</td>
																	<td class="step-details">Step No: 2 - PASS - Validating the Televital data -- executed successfully</td>
																</tr>
																<tr>
																	<td class="status pass" title="pass" alt="pass"><i class="mdi-action-check-circle"></i></td>
																	<td class="timestamp">03:12:23</td>
																	<td class="step-details">PASS-Test case Executed Successfully</td>
																</tr>
														</tbody>
													</table>
													<ul class="collapsible node-list" data-collapsible="accordion">
													</ul>
												</div>
											</div></div>
						</div>
					</div>
				</div>
			</div>
			<!-- /tests -->
			
			<!-- categories -->
			<!-- /categories -->
			
			<!-- exceptions -->
				<div id="exceptions-view" class="row _addedTable hide">
					<div class="col _addedCell1" style="resize: horizontal;">
						<div class="contents">
							<div class="card-panel heading">
								<h5>Defects</h5>
							</div>
							<div class="card-panel filters">
								<div class="search" alt="Search tests" title="Search tests">
									<div class="input-field left">
										<input id="searchTests" type="text" class="validate" placeholder="Search tests...">
									</div>
									<a href="https://output.circle-artifacts.com/output/job/e0e55c0c-6f53-4fb3-8a61-18e8ec11dfe4/artifacts/0/app/src/reports/2024-11-08-03-12/2024-11-08-03-12.html#" class="btn-floating btn-small waves-effect waves-light blue lighten-1">
										<i class="mdi-action-search"></i>
									</a>
								</div>
							</div>
							<div class="card-panel no-padding-h no-padding-v">
								<div class="wrapper">
									<ul id="exception-collection" class="exception-collection">
											<li class="exception-item displayed active">
												<div class="exception-head">
													<span class="exception-name">java.lang.AssertionError</span>
												</div>
												<div class="exception-test-count">
													<span class="fail label">9</span>
												</div>
												<div class="exception-body">
													<div class="exception-tests">
														<table class="bordered">
															<thead>
																<tr>
																	<th>RunDate</th>
																	<th>Test Name</th>
																	<th>Exception</th>
																</tr>
															</thead>
															<tbody>
                                                                   <tr class="fail">
                                                                       <td>2024-11-08 03:14:17</td>
                                                                       <td><span class="exception-link linked" extentid="bbf19619-040a-48a8-881c-7ed66a6a0722">C134871_Provider_ValidateAthenaPatientVitals</span></td>
                                                                       <td><pre class="exception-message">java.lang.AssertionError: Unable to locate the element
	at org.testng.Assert.fail(Assert.java:93)
	at Pages.WebAction.element(WebAction.java:1314)
	at Pages.ProviderAppointmentsPage.clickNewAppointment(ProviderAppointmentsPage.java:76)
	at AthenaAPI.C134871_Provider_ValidateAthenaPatientVitals.validatePatientVitals(C134871_Provider_ValidateAthenaPatientVitals.java:54)
	at java.base/jdk.internal.reflect.NativeMethodAccessorImpl.invoke0(Native Method)
	at java.base/jdk.internal.reflect.NativeMethodAccessorImpl.invoke(NativeMethodAccessorImpl.java:77)
	at java.base/jdk.internal.reflect.DelegatingMethodAccessorImpl.invoke(DelegatingMethodAccessorImpl.java:43)
	at java.base/java.lang.reflect.Method.invoke(Method.java:569)
	at org.testng.internal.MethodInvocationHelper.invokeMethod(MethodInvocationHelper.java:108)
	at org.testng.internal.Invoker.invokeMethod(Invoker.java:661)
	at org.testng.internal.Invoker.invokeTestMethod(Invoker.java:869)
	at org.testng.internal.Invoker.invokeTestMethods(Invoker.java:1193)
	at org.testng.internal.TestMethodWorker.invokeTestMethods(TestMethodWorker.java:126)
	at org.testng.internal.TestMethodWorker.run(TestMethodWorker.java:109)
	at org.testng.TestRunner.privateRun(TestRunner.java:744)
	at org.testng.TestRunner.run(TestRunner.java:602)
	at org.testng.SuiteRunner.runTest(SuiteRunner.java:380)
	at org.testng.SuiteRunner.runSequentially(SuiteRunner.java:375)
	at org.testng.SuiteRunner.privateRun(SuiteRunner.java:340)
	at org.testng.SuiteRunner.run(SuiteRunner.java:289)
	at org.testng.SuiteRunnerWorker.runSuite(SuiteRunnerWorker.java:52)
	at org.testng.SuiteRunnerWorker.run(SuiteRunnerWorker.java:86)
	at org.testng.TestNG.runSuitesSequentially(TestNG.java:1301)
	at org.testng.TestNG.runSuitesLocally(TestNG.java:1226)
	at org.testng.TestNG.runSuites(TestNG.java:1144)
	at org.testng.TestNG.run(TestNG.java:1115)
	at Framework.TestNGXML.xml(TestNGXML.java:184)
	at Framework.TestNGXML.main(TestNGXML.java:203)
	at java.base/jdk.internal.reflect.NativeMethodAccessorImpl.invoke0(Native Method)
	at java.base/jdk.internal.reflect.NativeMethodAccessorImpl.invoke(NativeMethodAccessorImpl.java:77)
	at java.base/jdk.internal.reflect.DelegatingMethodAccessorImpl.invoke(DelegatingMethodAccessorImpl.java:43)
	at java.base/java.lang.reflect.Method.invoke(Method.java:569)
	at org.codehaus.mojo.exec.ExecJavaMojo$1.run(ExecJavaMojo.java:282)
	at java.base/java.lang.Thread.run(Thread.java:840)
</pre></td>
                                                                   </tr>
                                                                   <tr class="fail">
                                                                       <td>2024-11-08 03:17:16</td>
                                                                       <td><span class="exception-link linked" extentid="137c13e7-4707-481c-8343-bb078a663147">C146548_IHAdmin_Validation_AthenaOrgSettings</span></td>
                                                                       <td><pre class="exception-message">java.lang.AssertionError: Unable to locate the element
	at org.testng.Assert.fail(Assert.java:93)
	at Pages.WebAction.dynamicElement(WebAction.java:1416)
	at Pages.IHAdminOrganizationSettingsPage.selectOrganization(IHAdminOrganizationSettingsPage.java:29)
	at IHAdmin.C146548_IHAdmin_Validation_AthenaOrgSettings.validatedAthenaInOrgSettings(C146548_IHAdmin_Validation_AthenaOrgSettings.java:25)
	at java.base/jdk.internal.reflect.NativeMethodAccessorImpl.invoke0(Native Method)
	at java.base/jdk.internal.reflect.NativeMethodAccessorImpl.invoke(NativeMethodAccessorImpl.java:77)
	at java.base/jdk.internal.reflect.DelegatingMethodAccessorImpl.invoke(DelegatingMethodAccessorImpl.java:43)
	at java.base/java.lang.reflect.Method.invoke(Method.java:569)
	at org.testng.internal.MethodInvocationHelper.invokeMethod(MethodInvocationHelper.java:108)
	at org.testng.internal.Invoker.invokeMethod(Invoker.java:661)
	at org.testng.internal.Invoker.invokeTestMethod(Invoker.java:869)
	at org.testng.internal.Invoker.invokeTestMethods(Invoker.java:1193)
	at org.testng.internal.TestMethodWorker.invokeTestMethods(TestMethodWorker.java:126)
	at org.testng.internal.TestMethodWorker.run(TestMethodWorker.java:109)
	at org.testng.TestRunner.privateRun(TestRunner.java:744)
	at org.testng.TestRunner.run(TestRunner.java:602)
	at org.testng.SuiteRunner.runTest(SuiteRunner.java:380)
	at org.testng.SuiteRunner.runSequentially(SuiteRunner.java:375)
	at org.testng.SuiteRunner.privateRun(SuiteRunner.java:340)
	at org.testng.SuiteRunner.run(SuiteRunner.java:289)
	at org.testng.SuiteRunnerWorker.runSuite(SuiteRunnerWorker.java:52)
	at org.testng.SuiteRunnerWorker.run(SuiteRunnerWorker.java:86)
	at org.testng.TestNG.runSuitesSequentially(TestNG.java:1301)
	at org.testng.TestNG.runSuitesLocally(TestNG.java:1226)
	at org.testng.TestNG.runSuites(TestNG.java:1144)
	at org.testng.TestNG.run(TestNG.java:1115)
	at Framework.TestNGXML.xml(TestNGXML.java:184)
	at Framework.TestNGXML.main(TestNGXML.java:203)
	at java.base/jdk.internal.reflect.NativeMethodAccessorImpl.invoke0(Native Method)
	at java.base/jdk.internal.reflect.NativeMethodAccessorImpl.invoke(NativeMethodAccessorImpl.java:77)
	at java.base/jdk.internal.reflect.DelegatingMethodAccessorImpl.invoke(DelegatingMethodAccessorImpl.java:43)
	at java.base/java.lang.reflect.Method.invoke(Method.java:569)
	at org.codehaus.mojo.exec.ExecJavaMojo$1.run(ExecJavaMojo.java:282)
	at java.base/java.lang.Thread.run(Thread.java:840)
</pre></td>
                                                                   </tr>
                                                                   <tr class="fail">
                                                                       <td>2024-11-08 03:23:46</td>
                                                                       <td><span class="exception-link linked" extentid="b835e9e1-7df9-4787-83a0-19cf02a0eae9">C2528_Schedule New Appointment from Provider</span></td>
                                                                       <td><pre class="exception-message">java.lang.AssertionError: Unable to locate the element
	at org.testng.Assert.fail(Assert.java:93)
	at Pages.WebAction.element(WebAction.java:1314)
	at Pages.ProviderAppointmentsPage.clickNewAppointment(ProviderAppointmentsPage.java:76)
	at ExistingProviderExistingPatient.C2528_Provider_ScheduleNewAppointment.patientCreation(C2528_Provider_ScheduleNewAppointment.java:33)
	at java.base/jdk.internal.reflect.NativeMethodAccessorImpl.invoke0(Native Method)
	at java.base/jdk.internal.reflect.NativeMethodAccessorImpl.invoke(NativeMethodAccessorImpl.java:77)
	at java.base/jdk.internal.reflect.DelegatingMethodAccessorImpl.invoke(DelegatingMethodAccessorImpl.java:43)
	at java.base/java.lang.reflect.Method.invoke(Method.java:569)
	at org.testng.internal.MethodInvocationHelper.invokeMethod(MethodInvocationHelper.java:108)
	at org.testng.internal.Invoker.invokeMethod(Invoker.java:661)
	at org.testng.internal.Invoker.invokeTestMethod(Invoker.java:869)
	at org.testng.internal.Invoker.invokeTestMethods(Invoker.java:1193)
	at org.testng.internal.TestMethodWorker.invokeTestMethods(TestMethodWorker.java:126)
	at org.testng.internal.TestMethodWorker.run(TestMethodWorker.java:109)
	at org.testng.TestRunner.privateRun(TestRunner.java:744)
	at org.testng.TestRunner.run(TestRunner.java:602)
	at org.testng.SuiteRunner.runTest(SuiteRunner.java:380)
	at org.testng.SuiteRunner.runSequentially(SuiteRunner.java:375)
	at org.testng.SuiteRunner.privateRun(SuiteRunner.java:340)
	at org.testng.SuiteRunner.run(SuiteRunner.java:289)
	at org.testng.SuiteRunnerWorker.runSuite(SuiteRunnerWorker.java:52)
	at org.testng.SuiteRunnerWorker.run(SuiteRunnerWorker.java:86)
	at org.testng.TestNG.runSuitesSequentially(TestNG.java:1301)
	at org.testng.TestNG.runSuitesLocally(TestNG.java:1226)
	at org.testng.TestNG.runSuites(TestNG.java:1144)
	at org.testng.TestNG.run(TestNG.java:1115)
	at Framework.TestNGXML.xml(TestNGXML.java:184)
	at Framework.TestNGXML.main(TestNGXML.java:203)
	at java.base/jdk.internal.reflect.NativeMethodAccessorImpl.invoke0(Native Method)
	at java.base/jdk.internal.reflect.NativeMethodAccessorImpl.invoke(NativeMethodAccessorImpl.java:77)
	at java.base/jdk.internal.reflect.DelegatingMethodAccessorImpl.invoke(DelegatingMethodAccessorImpl.java:43)
	at java.base/java.lang.reflect.Method.invoke(Method.java:569)
	at org.codehaus.mojo.exec.ExecJavaMojo$1.run(ExecJavaMojo.java:282)
	at java.base/java.lang.Thread.run(Thread.java:840)
</pre></td>
                                                                   </tr>
                                                                   <tr class="fail">
                                                                       <td>2024-11-08 03:36:59</td>
                                                                       <td><span class="exception-link linked" extentid="9142186a-e81e-410b-b2e9-d1fa2a2987f2">C75631_Provider_ValidateAthenaPatientAppointment</span></td>
                                                                       <td><pre class="exception-message">java.lang.AssertionError: expected [true] but found [false]
	at org.testng.Assert.fail(Assert.java:93)
	at org.testng.Assert.failNotEquals(Assert.java:512)
	at org.testng.Assert.assertTrue(Assert.java:41)
	at org.testng.Assert.assertTrue(Assert.java:51)
	at Pages.WebAction.validate(WebAction.java:4377)
	at AthenaAPI.C75631_Provider_ValidateAthenaPatientAppointment.validatePatientAppointment(C75631_Provider_ValidateAthenaPatientAppointment.java:59)
	at java.base/jdk.internal.reflect.NativeMethodAccessorImpl.invoke0(Native Method)
	at java.base/jdk.internal.reflect.NativeMethodAccessorImpl.invoke(NativeMethodAccessorImpl.java:77)
	at java.base/jdk.internal.reflect.DelegatingMethodAccessorImpl.invoke(DelegatingMethodAccessorImpl.java:43)
	at java.base/java.lang.reflect.Method.invoke(Method.java:569)
	at org.testng.internal.MethodInvocationHelper.invokeMethod(MethodInvocationHelper.java:108)
	at org.testng.internal.Invoker.invokeMethod(Invoker.java:661)
	at org.testng.internal.Invoker.invokeTestMethod(Invoker.java:869)
	at org.testng.internal.Invoker.invokeTestMethods(Invoker.java:1193)
	at org.testng.internal.TestMethodWorker.invokeTestMethods(TestMethodWorker.java:126)
	at org.testng.internal.TestMethodWorker.run(TestMethodWorker.java:109)
	at org.testng.TestRunner.privateRun(TestRunner.java:744)
	at org.testng.TestRunner.run(TestRunner.java:602)
	at org.testng.SuiteRunner.runTest(SuiteRunner.java:380)
	at org.testng.SuiteRunner.runSequentially(SuiteRunner.java:375)
	at org.testng.SuiteRunner.privateRun(SuiteRunner.java:340)
	at org.testng.SuiteRunner.run(SuiteRunner.java:289)
	at org.testng.SuiteRunnerWorker.runSuite(SuiteRunnerWorker.java:52)
	at org.testng.SuiteRunnerWorker.run(SuiteRunnerWorker.java:86)
	at org.testng.TestNG.runSuitesSequentially(TestNG.java:1301)
	at org.testng.TestNG.runSuitesLocally(TestNG.java:1226)
	at org.testng.TestNG.runSuites(TestNG.java:1144)
	at org.testng.TestNG.run(TestNG.java:1115)
	at Framework.TestNGXML.xml(TestNGXML.java:184)
	at Framework.TestNGXML.main(TestNGXML.java:203)
	at java.base/jdk.internal.reflect.NativeMethodAccessorImpl.invoke0(Native Method)
	at java.base/jdk.internal.reflect.NativeMethodAccessorImpl.invoke(NativeMethodAccessorImpl.java:77)
	at java.base/jdk.internal.reflect.DelegatingMethodAccessorImpl.invoke(DelegatingMethodAccessorImpl.java:43)
	at java.base/java.lang.reflect.Method.invoke(Method.java:569)
	at org.codehaus.mojo.exec.ExecJavaMojo$1.run(ExecJavaMojo.java:282)
	at java.base/java.lang.Thread.run(Thread.java:840)
</pre></td>
                                                                   </tr>
                                                                   <tr class="fail">
                                                                       <td>2024-11-08 03:44:10</td>
                                                                       <td><span class="exception-link linked" extentid="19bf6b72-ae45-4c59-a3c4-42fc6e3ded39">C2641_Provider_ScheduleNewAppointment_Patient1</span></td>
                                                                       <td><pre class="exception-message">java.lang.AssertionError: Unable to locate the element
	at org.testng.Assert.fail(Assert.java:93)
	at Pages.WebAction.element(WebAction.java:1314)
	at Pages.ProviderAppointmentsPage.clickNewAppointment(ProviderAppointmentsPage.java:76)
	at ProviderMultiOrganization.C2641_Provider_ScheduleNewAppointment_Patient1.patientCreation(C2641_Provider_ScheduleNewAppointment_Patient1.java:33)
	at java.base/jdk.internal.reflect.NativeMethodAccessorImpl.invoke0(Native Method)
	at java.base/jdk.internal.reflect.NativeMethodAccessorImpl.invoke(NativeMethodAccessorImpl.java:77)
	at java.base/jdk.internal.reflect.DelegatingMethodAccessorImpl.invoke(DelegatingMethodAccessorImpl.java:43)
	at java.base/java.lang.reflect.Method.invoke(Method.java:569)
	at org.testng.internal.MethodInvocationHelper.invokeMethod(MethodInvocationHelper.java:108)
	at org.testng.internal.Invoker.invokeMethod(Invoker.java:661)
	at org.testng.internal.Invoker.invokeTestMethod(Invoker.java:869)
	at org.testng.internal.Invoker.invokeTestMethods(Invoker.java:1193)
	at org.testng.internal.TestMethodWorker.invokeTestMethods(TestMethodWorker.java:126)
	at org.testng.internal.TestMethodWorker.run(TestMethodWorker.java:109)
	at org.testng.TestRunner.privateRun(TestRunner.java:744)
	at org.testng.TestRunner.run(TestRunner.java:602)
	at org.testng.SuiteRunner.runTest(SuiteRunner.java:380)
	at org.testng.SuiteRunner.runSequentially(SuiteRunner.java:375)
	at org.testng.SuiteRunner.privateRun(SuiteRunner.java:340)
	at org.testng.SuiteRunner.run(SuiteRunner.java:289)
	at org.testng.SuiteRunnerWorker.runSuite(SuiteRunnerWorker.java:52)
	at org.testng.SuiteRunnerWorker.run(SuiteRunnerWorker.java:86)
	at org.testng.TestNG.runSuitesSequentially(TestNG.java:1301)
	at org.testng.TestNG.runSuitesLocally(TestNG.java:1226)
	at org.testng.TestNG.runSuites(TestNG.java:1144)
	at org.testng.TestNG.run(TestNG.java:1115)
	at Framework.TestNGXML.xml(TestNGXML.java:184)
	at Framework.TestNGXML.main(TestNGXML.java:203)
	at java.base/jdk.internal.reflect.NativeMethodAccessorImpl.invoke0(Native Method)
	at java.base/jdk.internal.reflect.NativeMethodAccessorImpl.invoke(NativeMethodAccessorImpl.java:77)
	at java.base/jdk.internal.reflect.DelegatingMethodAccessorImpl.invoke(DelegatingMethodAccessorImpl.java:43)
	at java.base/java.lang.reflect.Method.invoke(Method.java:569)
	at org.codehaus.mojo.exec.ExecJavaMojo$1.run(ExecJavaMojo.java:282)
	at java.base/java.lang.Thread.run(Thread.java:840)
</pre></td>
                                                                   </tr>
                                                                   <tr class="fail">
                                                                       <td>2024-11-08 03:45:14</td>
                                                                       <td><span class="exception-link linked" extentid="2ded6eef-4b93-426a-a203-c73020007c77">C2642_Provider_ScheduleNewAppointment_Patient2</span></td>
                                                                       <td><pre class="exception-message">java.lang.AssertionError: Unable to locate the element
	at org.testng.Assert.fail(Assert.java:93)
	at Pages.WebAction.element(WebAction.java:1314)
	at Pages.ProviderAppointmentsPage.clickNewAppointment(ProviderAppointmentsPage.java:76)
	at ProviderMultiOrganization.C2642_Provider_ScheduleNewAppointment_Patient2.patientCreation(C2642_Provider_ScheduleNewAppointment_Patient2.java:33)
	at java.base/jdk.internal.reflect.NativeMethodAccessorImpl.invoke0(Native Method)
	at java.base/jdk.internal.reflect.NativeMethodAccessorImpl.invoke(NativeMethodAccessorImpl.java:77)
	at java.base/jdk.internal.reflect.DelegatingMethodAccessorImpl.invoke(DelegatingMethodAccessorImpl.java:43)
	at java.base/java.lang.reflect.Method.invoke(Method.java:569)
	at org.testng.internal.MethodInvocationHelper.invokeMethod(MethodInvocationHelper.java:108)
	at org.testng.internal.Invoker.invokeMethod(Invoker.java:661)
	at org.testng.internal.Invoker.invokeTestMethod(Invoker.java:869)
	at org.testng.internal.Invoker.invokeTestMethods(Invoker.java:1193)
	at org.testng.internal.TestMethodWorker.invokeTestMethods(TestMethodWorker.java:126)
	at org.testng.internal.TestMethodWorker.run(TestMethodWorker.java:109)
	at org.testng.TestRunner.privateRun(TestRunner.java:744)
	at org.testng.TestRunner.run(TestRunner.java:602)
	at org.testng.SuiteRunner.runTest(SuiteRunner.java:380)
	at org.testng.SuiteRunner.runSequentially(SuiteRunner.java:375)
	at org.testng.SuiteRunner.privateRun(SuiteRunner.java:340)
	at org.testng.SuiteRunner.run(SuiteRunner.java:289)
	at org.testng.SuiteRunnerWorker.runSuite(SuiteRunnerWorker.java:52)
	at org.testng.SuiteRunnerWorker.run(SuiteRunnerWorker.java:86)
	at org.testng.TestNG.runSuitesSequentially(TestNG.java:1301)
	at org.testng.TestNG.runSuitesLocally(TestNG.java:1226)
	at org.testng.TestNG.runSuites(TestNG.java:1144)
	at org.testng.TestNG.run(TestNG.java:1115)
	at Framework.TestNGXML.xml(TestNGXML.java:184)
	at Framework.TestNGXML.main(TestNGXML.java:203)
	at java.base/jdk.internal.reflect.NativeMethodAccessorImpl.invoke0(Native Method)
	at java.base/jdk.internal.reflect.NativeMethodAccessorImpl.invoke(NativeMethodAccessorImpl.java:77)
	at java.base/jdk.internal.reflect.DelegatingMethodAccessorImpl.invoke(DelegatingMethodAccessorImpl.java:43)
	at java.base/java.lang.reflect.Method.invoke(Method.java:569)
	at org.codehaus.mojo.exec.ExecJavaMojo$1.run(ExecJavaMojo.java:282)
	at java.base/java.lang.Thread.run(Thread.java:840)
</pre></td>
                                                                   </tr>
                                                                   <tr class="fail">
                                                                       <td>2024-11-08 03:46:17</td>
                                                                       <td><span class="exception-link linked" extentid="b8995435-e724-4409-9daf-2cf90a16a146">C2643_Patient1_ValidateNewAppointmentt</span></td>
                                                                       <td><pre class="exception-message">java.lang.AssertionError: expected [true] but found [false]
	at org.testng.Assert.fail(Assert.java:93)
	at org.testng.Assert.failNotEquals(Assert.java:512)
	at org.testng.Assert.assertTrue(Assert.java:41)
	at org.testng.Assert.assertTrue(Assert.java:51)
	at Pages.PatientAppointmentsPage.validateScheduledAppointments(PatientAppointmentsPage.java:189)
	at ProviderMultiOrganization.C2643_Patient1_ValidateNewAppointment.patientCreation(C2643_Patient1_ValidateNewAppointment.java:36)
	at java.base/jdk.internal.reflect.NativeMethodAccessorImpl.invoke0(Native Method)
	at java.base/jdk.internal.reflect.NativeMethodAccessorImpl.invoke(NativeMethodAccessorImpl.java:77)
	at java.base/jdk.internal.reflect.DelegatingMethodAccessorImpl.invoke(DelegatingMethodAccessorImpl.java:43)
	at java.base/java.lang.reflect.Method.invoke(Method.java:569)
	at org.testng.internal.MethodInvocationHelper.invokeMethod(MethodInvocationHelper.java:108)
	at org.testng.internal.Invoker.invokeMethod(Invoker.java:661)
	at org.testng.internal.Invoker.invokeTestMethod(Invoker.java:869)
	at org.testng.internal.Invoker.invokeTestMethods(Invoker.java:1193)
	at org.testng.internal.TestMethodWorker.invokeTestMethods(TestMethodWorker.java:126)
	at org.testng.internal.TestMethodWorker.run(TestMethodWorker.java:109)
	at org.testng.TestRunner.privateRun(TestRunner.java:744)
	at org.testng.TestRunner.run(TestRunner.java:602)
	at org.testng.SuiteRunner.runTest(SuiteRunner.java:380)
	at org.testng.SuiteRunner.runSequentially(SuiteRunner.java:375)
	at org.testng.SuiteRunner.privateRun(SuiteRunner.java:340)
	at org.testng.SuiteRunner.run(SuiteRunner.java:289)
	at org.testng.SuiteRunnerWorker.runSuite(SuiteRunnerWorker.java:52)
	at org.testng.SuiteRunnerWorker.run(SuiteRunnerWorker.java:86)
	at org.testng.TestNG.runSuitesSequentially(TestNG.java:1301)
	at org.testng.TestNG.runSuitesLocally(TestNG.java:1226)
	at org.testng.TestNG.runSuites(TestNG.java:1144)
	at org.testng.TestNG.run(TestNG.java:1115)
	at Framework.TestNGXML.xml(TestNGXML.java:184)
	at Framework.TestNGXML.main(TestNGXML.java:203)
	at java.base/jdk.internal.reflect.NativeMethodAccessorImpl.invoke0(Native Method)
	at java.base/jdk.internal.reflect.NativeMethodAccessorImpl.invoke(NativeMethodAccessorImpl.java:77)
	at java.base/jdk.internal.reflect.DelegatingMethodAccessorImpl.invoke(DelegatingMethodAccessorImpl.java:43)
	at java.base/java.lang.reflect.Method.invoke(Method.java:569)
	at org.codehaus.mojo.exec.ExecJavaMojo$1.run(ExecJavaMojo.java:282)
	at java.base/java.lang.Thread.run(Thread.java:840)
</pre></td>
                                                                   </tr>
                                                                   <tr class="fail">
                                                                       <td>2024-11-08 03:46:53</td>
                                                                       <td><span class="exception-link linked" extentid="6a4796b0-b982-4c0d-9e97-c2945b9eedcc">C2644_Patient2_ValidateNewAppointment</span></td>
                                                                       <td><pre class="exception-message">java.lang.AssertionError: expected [true] but found [false]
	at org.testng.Assert.fail(Assert.java:93)
	at org.testng.Assert.failNotEquals(Assert.java:512)
	at org.testng.Assert.assertTrue(Assert.java:41)
	at org.testng.Assert.assertTrue(Assert.java:51)
	at Pages.PatientAppointmentsPage.validateScheduledAppointments(PatientAppointmentsPage.java:189)
	at ProviderMultiOrganization.C2644_Patient2_ValidateNewAppointment.patientCreation(C2644_Patient2_ValidateNewAppointment.java:36)
	at java.base/jdk.internal.reflect.NativeMethodAccessorImpl.invoke0(Native Method)
	at java.base/jdk.internal.reflect.NativeMethodAccessorImpl.invoke(NativeMethodAccessorImpl.java:77)
	at java.base/jdk.internal.reflect.DelegatingMethodAccessorImpl.invoke(DelegatingMethodAccessorImpl.java:43)
	at java.base/java.lang.reflect.Method.invoke(Method.java:569)
	at org.testng.internal.MethodInvocationHelper.invokeMethod(MethodInvocationHelper.java:108)
	at org.testng.internal.Invoker.invokeMethod(Invoker.java:661)
	at org.testng.internal.Invoker.invokeTestMethod(Invoker.java:869)
	at org.testng.internal.Invoker.invokeTestMethods(Invoker.java:1193)
	at org.testng.internal.TestMethodWorker.invokeTestMethods(TestMethodWorker.java:126)
	at org.testng.internal.TestMethodWorker.run(TestMethodWorker.java:109)
	at org.testng.TestRunner.privateRun(TestRunner.java:744)
	at org.testng.TestRunner.run(TestRunner.java:602)
	at org.testng.SuiteRunner.runTest(SuiteRunner.java:380)
	at org.testng.SuiteRunner.runSequentially(SuiteRunner.java:375)
	at org.testng.SuiteRunner.privateRun(SuiteRunner.java:340)
	at org.testng.SuiteRunner.run(SuiteRunner.java:289)
	at org.testng.SuiteRunnerWorker.runSuite(SuiteRunnerWorker.java:52)
	at org.testng.SuiteRunnerWorker.run(SuiteRunnerWorker.java:86)
	at org.testng.TestNG.runSuitesSequentially(TestNG.java:1301)
	at org.testng.TestNG.runSuitesLocally(TestNG.java:1226)
	at org.testng.TestNG.runSuites(TestNG.java:1144)
	at org.testng.TestNG.run(TestNG.java:1115)
	at Framework.TestNGXML.xml(TestNGXML.java:184)
	at Framework.TestNGXML.main(TestNGXML.java:203)
	at java.base/jdk.internal.reflect.NativeMethodAccessorImpl.invoke0(Native Method)
	at java.base/jdk.internal.reflect.NativeMethodAccessorImpl.invoke(NativeMethodAccessorImpl.java:77)
	at java.base/jdk.internal.reflect.DelegatingMethodAccessorImpl.invoke(DelegatingMethodAccessorImpl.java:43)
	at java.base/java.lang.reflect.Method.invoke(Method.java:569)
	at org.codehaus.mojo.exec.ExecJavaMojo$1.run(ExecJavaMojo.java:282)
	at java.base/java.lang.Thread.run(Thread.java:840)
</pre></td>
                                                                   </tr>
                                                                   <tr class="fail">
                                                                       <td>2024-11-08 03:52:29</td>
                                                                       <td><span class="exception-link linked" extentid="8031e697-77d4-4f2b-856a-0b2940bb1d5d">C232612_Provider_Block_Time</span></td>
                                                                       <td><pre class="exception-message">java.lang.AssertionError: Unable to locate the element
	at org.testng.Assert.fail(Assert.java:93)
	at Pages.WebAction.element(WebAction.java:1314)
	at Pages.ProviderAppointmentsPage.clickEditBlockTime(ProviderAppointmentsPage.java:468)
	at ExistingProviderExistingPatient.C232612_Provider_Block_Time.patientCreation(C232612_Provider_Block_Time.java:45)
	at java.base/jdk.internal.reflect.NativeMethodAccessorImpl.invoke0(Native Method)
	at java.base/jdk.internal.reflect.NativeMethodAccessorImpl.invoke(NativeMethodAccessorImpl.java:77)
	at java.base/jdk.internal.reflect.DelegatingMethodAccessorImpl.invoke(DelegatingMethodAccessorImpl.java:43)
	at java.base/java.lang.reflect.Method.invoke(Method.java:569)
	at org.testng.internal.MethodInvocationHelper.invokeMethod(MethodInvocationHelper.java:108)
	at org.testng.internal.Invoker.invokeMethod(Invoker.java:661)
	at org.testng.internal.Invoker.invokeTestMethod(Invoker.java:869)
	at org.testng.internal.Invoker.invokeTestMethods(Invoker.java:1193)
	at org.testng.internal.TestMethodWorker.invokeTestMethods(TestMethodWorker.java:126)
	at org.testng.internal.TestMethodWorker.run(TestMethodWorker.java:109)
	at org.testng.TestRunner.privateRun(TestRunner.java:744)
	at org.testng.TestRunner.run(TestRunner.java:602)
	at org.testng.SuiteRunner.runTest(SuiteRunner.java:380)
	at org.testng.SuiteRunner.runSequentially(SuiteRunner.java:375)
	at org.testng.SuiteRunner.privateRun(SuiteRunner.java:340)
	at org.testng.SuiteRunner.run(SuiteRunner.java:289)
	at org.testng.SuiteRunnerWorker.runSuite(SuiteRunnerWorker.java:52)
	at org.testng.SuiteRunnerWorker.run(SuiteRunnerWorker.java:86)
	at org.testng.TestNG.runSuitesSequentially(TestNG.java:1301)
	at org.testng.TestNG.runSuitesLocally(TestNG.java:1226)
	at org.testng.TestNG.runSuites(TestNG.java:1144)
	at org.testng.TestNG.run(TestNG.java:1115)
	at Framework.TestNGXML.xml(TestNGXML.java:184)
	at Framework.TestNGXML.main(TestNGXML.java:203)
	at java.base/jdk.internal.reflect.NativeMethodAccessorImpl.invoke0(Native Method)
	at java.base/jdk.internal.reflect.NativeMethodAccessorImpl.invoke(NativeMethodAccessorImpl.java:77)
	at java.base/jdk.internal.reflect.DelegatingMethodAccessorImpl.invoke(DelegatingMethodAccessorImpl.java:43)
	at java.base/java.lang.reflect.Method.invoke(Method.java:569)
	at org.codehaus.mojo.exec.ExecJavaMojo$1.run(ExecJavaMojo.java:282)
	at java.base/java.lang.Thread.run(Thread.java:840)
</pre></td>
                                                                   </tr>
                                                            </tbody>
														</table>
													</div>
												</div> 
											</li>
									</ul>
								</div>
							</div>
						</div>
					</div>
					<div id="exception-details-wrapper" class="col _addedCell2">
						<div class="contents">
							<div class="card-panel details-view">
								<h5 class="exception-name">java.lang.AssertionError</h5>
								<div class="exception-container"><div class="exception-body">
													<div class="exception-tests">
														<table class="bordered">
															<thead>
																<tr>
																	<th>RunDate</th>
																	<th>Test Name</th>
																	<th>Exception</th>
																</tr>
															</thead>
															<tbody>
                                                                   <tr class="fail">
                                                                       <td>2024-11-08 03:14:17</td>
                                                                       <td><span class="exception-link linked" extentid="bbf19619-040a-48a8-881c-7ed66a6a0722">C134871_Provider_ValidateAthenaPatientVitals</span></td>
                                                                       <td><pre class="exception-message">java.lang.AssertionError: Unable to locate the element
	at org.testng.Assert.fail(Assert.java:93)
	at Pages.WebAction.element(WebAction.java:1314)
	at Pages.ProviderAppointmentsPage.clickNewAppointment(ProviderAppointmentsPage.java:76)
	at AthenaAPI.C134871_Provider_ValidateAthenaPatientVitals.validatePatientVitals(C134871_Provider_ValidateAthenaPatientVitals.java:54)
	at java.base/jdk.internal.reflect.NativeMethodAccessorImpl.invoke0(Native Method)
	at java.base/jdk.internal.reflect.NativeMethodAccessorImpl.invoke(NativeMethodAccessorImpl.java:77)
	at java.base/jdk.internal.reflect.DelegatingMethodAccessorImpl.invoke(DelegatingMethodAccessorImpl.java:43)
	at java.base/java.lang.reflect.Method.invoke(Method.java:569)
	at org.testng.internal.MethodInvocationHelper.invokeMethod(MethodInvocationHelper.java:108)
	at org.testng.internal.Invoker.invokeMethod(Invoker.java:661)
	at org.testng.internal.Invoker.invokeTestMethod(Invoker.java:869)
	at org.testng.internal.Invoker.invokeTestMethods(Invoker.java:1193)
	at org.testng.internal.TestMethodWorker.invokeTestMethods(TestMethodWorker.java:126)
	at org.testng.internal.TestMethodWorker.run(TestMethodWorker.java:109)
	at org.testng.TestRunner.privateRun(TestRunner.java:744)
	at org.testng.TestRunner.run(TestRunner.java:602)
	at org.testng.SuiteRunner.runTest(SuiteRunner.java:380)
	at org.testng.SuiteRunner.runSequentially(SuiteRunner.java:375)
	at org.testng.SuiteRunner.privateRun(SuiteRunner.java:340)
	at org.testng.SuiteRunner.run(SuiteRunner.java:289)
	at org.testng.SuiteRunnerWorker.runSuite(SuiteRunnerWorker.java:52)
	at org.testng.SuiteRunnerWorker.run(SuiteRunnerWorker.java:86)
	at org.testng.TestNG.runSuitesSequentially(TestNG.java:1301)
	at org.testng.TestNG.runSuitesLocally(TestNG.java:1226)
	at org.testng.TestNG.runSuites(TestNG.java:1144)
	at org.testng.TestNG.run(TestNG.java:1115)
	at Framework.TestNGXML.xml(TestNGXML.java:184)
	at Framework.TestNGXML.main(TestNGXML.java:203)
	at java.base/jdk.internal.reflect.NativeMethodAccessorImpl.invoke0(Native Method)
	at java.base/jdk.internal.reflect.NativeMethodAccessorImpl.invoke(NativeMethodAccessorImpl.java:77)
	at java.base/jdk.internal.reflect.DelegatingMethodAccessorImpl.invoke(DelegatingMethodAccessorImpl.java:43)
	at java.base/java.lang.reflect.Method.invoke(Method.java:569)
	at org.codehaus.mojo.exec.ExecJavaMojo$1.run(ExecJavaMojo.java:282)
	at java.base/java.lang.Thread.run(Thread.java:840)
</pre></td>
                                                                   </tr>
                                                                   <tr class="fail">
                                                                       <td>2024-11-08 03:17:16</td>
                                                                       <td><span class="exception-link linked" extentid="137c13e7-4707-481c-8343-bb078a663147">C146548_IHAdmin_Validation_AthenaOrgSettings</span></td>
                                                                       <td><pre class="exception-message">java.lang.AssertionError: Unable to locate the element
	at org.testng.Assert.fail(Assert.java:93)
	at Pages.WebAction.dynamicElement(WebAction.java:1416)
	at Pages.IHAdminOrganizationSettingsPage.selectOrganization(IHAdminOrganizationSettingsPage.java:29)
	at IHAdmin.C146548_IHAdmin_Validation_AthenaOrgSettings.validatedAthenaInOrgSettings(C146548_IHAdmin_Validation_AthenaOrgSettings.java:25)
	at java.base/jdk.internal.reflect.NativeMethodAccessorImpl.invoke0(Native Method)
	at java.base/jdk.internal.reflect.NativeMethodAccessorImpl.invoke(NativeMethodAccessorImpl.java:77)
	at java.base/jdk.internal.reflect.DelegatingMethodAccessorImpl.invoke(DelegatingMethodAccessorImpl.java:43)
	at java.base/java.lang.reflect.Method.invoke(Method.java:569)
	at org.testng.internal.MethodInvocationHelper.invokeMethod(MethodInvocationHelper.java:108)
	at org.testng.internal.Invoker.invokeMethod(Invoker.java:661)
	at org.testng.internal.Invoker.invokeTestMethod(Invoker.java:869)
	at org.testng.internal.Invoker.invokeTestMethods(Invoker.java:1193)
	at org.testng.internal.TestMethodWorker.invokeTestMethods(TestMethodWorker.java:126)
	at org.testng.internal.TestMethodWorker.run(TestMethodWorker.java:109)
	at org.testng.TestRunner.privateRun(TestRunner.java:744)
	at org.testng.TestRunner.run(TestRunner.java:602)
	at org.testng.SuiteRunner.runTest(SuiteRunner.java:380)
	at org.testng.SuiteRunner.runSequentially(SuiteRunner.java:375)
	at org.testng.SuiteRunner.privateRun(SuiteRunner.java:340)
	at org.testng.SuiteRunner.run(SuiteRunner.java:289)
	at org.testng.SuiteRunnerWorker.runSuite(SuiteRunnerWorker.java:52)
	at org.testng.SuiteRunnerWorker.run(SuiteRunnerWorker.java:86)
	at org.testng.TestNG.runSuitesSequentially(TestNG.java:1301)
	at org.testng.TestNG.runSuitesLocally(TestNG.java:1226)
	at org.testng.TestNG.runSuites(TestNG.java:1144)
	at org.testng.TestNG.run(TestNG.java:1115)
	at Framework.TestNGXML.xml(TestNGXML.java:184)
	at Framework.TestNGXML.main(TestNGXML.java:203)
	at java.base/jdk.internal.reflect.NativeMethodAccessorImpl.invoke0(Native Method)
	at java.base/jdk.internal.reflect.NativeMethodAccessorImpl.invoke(NativeMethodAccessorImpl.java:77)
	at java.base/jdk.internal.reflect.DelegatingMethodAccessorImpl.invoke(DelegatingMethodAccessorImpl.java:43)
	at java.base/java.lang.reflect.Method.invoke(Method.java:569)
	at org.codehaus.mojo.exec.ExecJavaMojo$1.run(ExecJavaMojo.java:282)
	at java.base/java.lang.Thread.run(Thread.java:840)
</pre></td>
                                                                   </tr>
                                                                   <tr class="fail">
                                                                       <td>2024-11-08 03:23:46</td>
                                                                       <td><span class="exception-link linked" extentid="b835e9e1-7df9-4787-83a0-19cf02a0eae9">C2528_Schedule New Appointment from Provider</span></td>
                                                                       <td><pre class="exception-message">java.lang.AssertionError: Unable to locate the element
	at org.testng.Assert.fail(Assert.java:93)
	at Pages.WebAction.element(WebAction.java:1314)
	at Pages.ProviderAppointmentsPage.clickNewAppointment(ProviderAppointmentsPage.java:76)
	at ExistingProviderExistingPatient.C2528_Provider_ScheduleNewAppointment.patientCreation(C2528_Provider_ScheduleNewAppointment.java:33)
	at java.base/jdk.internal.reflect.NativeMethodAccessorImpl.invoke0(Native Method)
	at java.base/jdk.internal.reflect.NativeMethodAccessorImpl.invoke(NativeMethodAccessorImpl.java:77)
	at java.base/jdk.internal.reflect.DelegatingMethodAccessorImpl.invoke(DelegatingMethodAccessorImpl.java:43)
	at java.base/java.lang.reflect.Method.invoke(Method.java:569)
	at org.testng.internal.MethodInvocationHelper.invokeMethod(MethodInvocationHelper.java:108)
	at org.testng.internal.Invoker.invokeMethod(Invoker.java:661)
	at org.testng.internal.Invoker.invokeTestMethod(Invoker.java:869)
	at org.testng.internal.Invoker.invokeTestMethods(Invoker.java:1193)
	at org.testng.internal.TestMethodWorker.invokeTestMethods(TestMethodWorker.java:126)
	at org.testng.internal.TestMethodWorker.run(TestMethodWorker.java:109)
	at org.testng.TestRunner.privateRun(TestRunner.java:744)
	at org.testng.TestRunner.run(TestRunner.java:602)
	at org.testng.SuiteRunner.runTest(SuiteRunner.java:380)
	at org.testng.SuiteRunner.runSequentially(SuiteRunner.java:375)
	at org.testng.SuiteRunner.privateRun(SuiteRunner.java:340)
	at org.testng.SuiteRunner.run(SuiteRunner.java:289)
	at org.testng.SuiteRunnerWorker.runSuite(SuiteRunnerWorker.java:52)
	at org.testng.SuiteRunnerWorker.run(SuiteRunnerWorker.java:86)
	at org.testng.TestNG.runSuitesSequentially(TestNG.java:1301)
	at org.testng.TestNG.runSuitesLocally(TestNG.java:1226)
	at org.testng.TestNG.runSuites(TestNG.java:1144)
	at org.testng.TestNG.run(TestNG.java:1115)
	at Framework.TestNGXML.xml(TestNGXML.java:184)
	at Framework.TestNGXML.main(TestNGXML.java:203)
	at java.base/jdk.internal.reflect.NativeMethodAccessorImpl.invoke0(Native Method)
	at java.base/jdk.internal.reflect.NativeMethodAccessorImpl.invoke(NativeMethodAccessorImpl.java:77)
	at java.base/jdk.internal.reflect.DelegatingMethodAccessorImpl.invoke(DelegatingMethodAccessorImpl.java:43)
	at java.base/java.lang.reflect.Method.invoke(Method.java:569)
	at org.codehaus.mojo.exec.ExecJavaMojo$1.run(ExecJavaMojo.java:282)
	at java.base/java.lang.Thread.run(Thread.java:840)
</pre></td>
                                                                   </tr>
                                                                   <tr class="fail">
                                                                       <td>2024-11-08 03:36:59</td>
                                                                       <td><span class="exception-link linked" extentid="9142186a-e81e-410b-b2e9-d1fa2a2987f2">C75631_Provider_ValidateAthenaPatientAppointment</span></td>
                                                                       <td><pre class="exception-message">java.lang.AssertionError: expected [true] but found [false]
	at org.testng.Assert.fail(Assert.java:93)
	at org.testng.Assert.failNotEquals(Assert.java:512)
	at org.testng.Assert.assertTrue(Assert.java:41)
	at org.testng.Assert.assertTrue(Assert.java:51)
	at Pages.WebAction.validate(WebAction.java:4377)
	at AthenaAPI.C75631_Provider_ValidateAthenaPatientAppointment.validatePatientAppointment(C75631_Provider_ValidateAthenaPatientAppointment.java:59)
	at java.base/jdk.internal.reflect.NativeMethodAccessorImpl.invoke0(Native Method)
	at java.base/jdk.internal.reflect.NativeMethodAccessorImpl.invoke(NativeMethodAccessorImpl.java:77)
	at java.base/jdk.internal.reflect.DelegatingMethodAccessorImpl.invoke(DelegatingMethodAccessorImpl.java:43)
	at java.base/java.lang.reflect.Method.invoke(Method.java:569)
	at org.testng.internal.MethodInvocationHelper.invokeMethod(MethodInvocationHelper.java:108)
	at org.testng.internal.Invoker.invokeMethod(Invoker.java:661)
	at org.testng.internal.Invoker.invokeTestMethod(Invoker.java:869)
	at org.testng.internal.Invoker.invokeTestMethods(Invoker.java:1193)
	at org.testng.internal.TestMethodWorker.invokeTestMethods(TestMethodWorker.java:126)
	at org.testng.internal.TestMethodWorker.run(TestMethodWorker.java:109)
	at org.testng.TestRunner.privateRun(TestRunner.java:744)
	at org.testng.TestRunner.run(TestRunner.java:602)
	at org.testng.SuiteRunner.runTest(SuiteRunner.java:380)
	at org.testng.SuiteRunner.runSequentially(SuiteRunner.java:375)
	at org.testng.SuiteRunner.privateRun(SuiteRunner.java:340)
	at org.testng.SuiteRunner.run(SuiteRunner.java:289)
	at org.testng.SuiteRunnerWorker.runSuite(SuiteRunnerWorker.java:52)
	at org.testng.SuiteRunnerWorker.run(SuiteRunnerWorker.java:86)
	at org.testng.TestNG.runSuitesSequentially(TestNG.java:1301)
	at org.testng.TestNG.runSuitesLocally(TestNG.java:1226)
	at org.testng.TestNG.runSuites(TestNG.java:1144)
	at org.testng.TestNG.run(TestNG.java:1115)
	at Framework.TestNGXML.xml(TestNGXML.java:184)
	at Framework.TestNGXML.main(TestNGXML.java:203)
	at java.base/jdk.internal.reflect.NativeMethodAccessorImpl.invoke0(Native Method)
	at java.base/jdk.internal.reflect.NativeMethodAccessorImpl.invoke(NativeMethodAccessorImpl.java:77)
	at java.base/jdk.internal.reflect.DelegatingMethodAccessorImpl.invoke(DelegatingMethodAccessorImpl.java:43)
	at java.base/java.lang.reflect.Method.invoke(Method.java:569)
	at org.codehaus.mojo.exec.ExecJavaMojo$1.run(ExecJavaMojo.java:282)
	at java.base/java.lang.Thread.run(Thread.java:840)
</pre></td>
                                                                   </tr>
                                                                   <tr class="fail">
                                                                       <td>2024-11-08 03:44:10</td>
                                                                       <td><span class="exception-link linked" extentid="19bf6b72-ae45-4c59-a3c4-42fc6e3ded39">C2641_Provider_ScheduleNewAppointment_Patient1</span></td>
                                                                       <td><pre class="exception-message">java.lang.AssertionError: Unable to locate the element
	at org.testng.Assert.fail(Assert.java:93)
	at Pages.WebAction.element(WebAction.java:1314)
	at Pages.ProviderAppointmentsPage.clickNewAppointment(ProviderAppointmentsPage.java:76)
	at ProviderMultiOrganization.C2641_Provider_ScheduleNewAppointment_Patient1.patientCreation(C2641_Provider_ScheduleNewAppointment_Patient1.java:33)
	at java.base/jdk.internal.reflect.NativeMethodAccessorImpl.invoke0(Native Method)
	at java.base/jdk.internal.reflect.NativeMethodAccessorImpl.invoke(NativeMethodAccessorImpl.java:77)
	at java.base/jdk.internal.reflect.DelegatingMethodAccessorImpl.invoke(DelegatingMethodAccessorImpl.java:43)
	at java.base/java.lang.reflect.Method.invoke(Method.java:569)
	at org.testng.internal.MethodInvocationHelper.invokeMethod(MethodInvocationHelper.java:108)
	at org.testng.internal.Invoker.invokeMethod(Invoker.java:661)
	at org.testng.internal.Invoker.invokeTestMethod(Invoker.java:869)
	at org.testng.internal.Invoker.invokeTestMethods(Invoker.java:1193)
	at org.testng.internal.TestMethodWorker.invokeTestMethods(TestMethodWorker.java:126)
	at org.testng.internal.TestMethodWorker.run(TestMethodWorker.java:109)
	at org.testng.TestRunner.privateRun(TestRunner.java:744)
	at org.testng.TestRunner.run(TestRunner.java:602)
	at org.testng.SuiteRunner.runTest(SuiteRunner.java:380)
	at org.testng.SuiteRunner.runSequentially(SuiteRunner.java:375)
	at org.testng.SuiteRunner.privateRun(SuiteRunner.java:340)
	at org.testng.SuiteRunner.run(SuiteRunner.java:289)
	at org.testng.SuiteRunnerWorker.runSuite(SuiteRunnerWorker.java:52)
	at org.testng.SuiteRunnerWorker.run(SuiteRunnerWorker.java:86)
	at org.testng.TestNG.runSuitesSequentially(TestNG.java:1301)
	at org.testng.TestNG.runSuitesLocally(TestNG.java:1226)
	at org.testng.TestNG.runSuites(TestNG.java:1144)
	at org.testng.TestNG.run(TestNG.java:1115)
	at Framework.TestNGXML.xml(TestNGXML.java:184)
	at Framework.TestNGXML.main(TestNGXML.java:203)
	at java.base/jdk.internal.reflect.NativeMethodAccessorImpl.invoke0(Native Method)
	at java.base/jdk.internal.reflect.NativeMethodAccessorImpl.invoke(NativeMethodAccessorImpl.java:77)
	at java.base/jdk.internal.reflect.DelegatingMethodAccessorImpl.invoke(DelegatingMethodAccessorImpl.java:43)
	at java.base/java.lang.reflect.Method.invoke(Method.java:569)
	at org.codehaus.mojo.exec.ExecJavaMojo$1.run(ExecJavaMojo.java:282)
	at java.base/java.lang.Thread.run(Thread.java:840)
</pre></td>
                                                                   </tr>
                                                                   <tr class="fail">
                                                                       <td>2024-11-08 03:45:14</td>
                                                                       <td><span class="exception-link linked" extentid="2ded6eef-4b93-426a-a203-c73020007c77">C2642_Provider_ScheduleNewAppointment_Patient2</span></td>
                                                                       <td><pre class="exception-message">java.lang.AssertionError: Unable to locate the element
	at org.testng.Assert.fail(Assert.java:93)
	at Pages.WebAction.element(WebAction.java:1314)
	at Pages.ProviderAppointmentsPage.clickNewAppointment(ProviderAppointmentsPage.java:76)
	at ProviderMultiOrganization.C2642_Provider_ScheduleNewAppointment_Patient2.patientCreation(C2642_Provider_ScheduleNewAppointment_Patient2.java:33)
	at java.base/jdk.internal.reflect.NativeMethodAccessorImpl.invoke0(Native Method)
	at java.base/jdk.internal.reflect.NativeMethodAccessorImpl.invoke(NativeMethodAccessorImpl.java:77)
	at java.base/jdk.internal.reflect.DelegatingMethodAccessorImpl.invoke(DelegatingMethodAccessorImpl.java:43)
	at java.base/java.lang.reflect.Method.invoke(Method.java:569)
	at org.testng.internal.MethodInvocationHelper.invokeMethod(MethodInvocationHelper.java:108)
	at org.testng.internal.Invoker.invokeMethod(Invoker.java:661)
	at org.testng.internal.Invoker.invokeTestMethod(Invoker.java:869)
	at org.testng.internal.Invoker.invokeTestMethods(Invoker.java:1193)
	at org.testng.internal.TestMethodWorker.invokeTestMethods(TestMethodWorker.java:126)
	at org.testng.internal.TestMethodWorker.run(TestMethodWorker.java:109)
	at org.testng.TestRunner.privateRun(TestRunner.java:744)
	at org.testng.TestRunner.run(TestRunner.java:602)
	at org.testng.SuiteRunner.runTest(SuiteRunner.java:380)
	at org.testng.SuiteRunner.runSequentially(SuiteRunner.java:375)
	at org.testng.SuiteRunner.privateRun(SuiteRunner.java:340)
	at org.testng.SuiteRunner.run(SuiteRunner.java:289)
	at org.testng.SuiteRunnerWorker.runSuite(SuiteRunnerWorker.java:52)
	at org.testng.SuiteRunnerWorker.run(SuiteRunnerWorker.java:86)
	at org.testng.TestNG.runSuitesSequentially(TestNG.java:1301)
	at org.testng.TestNG.runSuitesLocally(TestNG.java:1226)
	at org.testng.TestNG.runSuites(TestNG.java:1144)
	at org.testng.TestNG.run(TestNG.java:1115)
	at Framework.TestNGXML.xml(TestNGXML.java:184)
	at Framework.TestNGXML.main(TestNGXML.java:203)
	at java.base/jdk.internal.reflect.NativeMethodAccessorImpl.invoke0(Native Method)
	at java.base/jdk.internal.reflect.NativeMethodAccessorImpl.invoke(NativeMethodAccessorImpl.java:77)
	at java.base/jdk.internal.reflect.DelegatingMethodAccessorImpl.invoke(DelegatingMethodAccessorImpl.java:43)
	at java.base/java.lang.reflect.Method.invoke(Method.java:569)
	at org.codehaus.mojo.exec.ExecJavaMojo$1.run(ExecJavaMojo.java:282)
	at java.base/java.lang.Thread.run(Thread.java:840)
</pre></td>
                                                                   </tr>
                                                                   <tr class="fail">
                                                                       <td>2024-11-08 03:46:17</td>
                                                                       <td><span class="exception-link linked" extentid="b8995435-e724-4409-9daf-2cf90a16a146">C2643_Patient1_ValidateNewAppointmentt</span></td>
                                                                       <td><pre class="exception-message">java.lang.AssertionError: expected [true] but found [false]
	at org.testng.Assert.fail(Assert.java:93)
	at org.testng.Assert.failNotEquals(Assert.java:512)
	at org.testng.Assert.assertTrue(Assert.java:41)
	at org.testng.Assert.assertTrue(Assert.java:51)
	at Pages.PatientAppointmentsPage.validateScheduledAppointments(PatientAppointmentsPage.java:189)
	at ProviderMultiOrganization.C2643_Patient1_ValidateNewAppointment.patientCreation(C2643_Patient1_ValidateNewAppointment.java:36)
	at java.base/jdk.internal.reflect.NativeMethodAccessorImpl.invoke0(Native Method)
	at java.base/jdk.internal.reflect.NativeMethodAccessorImpl.invoke(NativeMethodAccessorImpl.java:77)
	at java.base/jdk.internal.reflect.DelegatingMethodAccessorImpl.invoke(DelegatingMethodAccessorImpl.java:43)
	at java.base/java.lang.reflect.Method.invoke(Method.java:569)
	at org.testng.internal.MethodInvocationHelper.invokeMethod(MethodInvocationHelper.java:108)
	at org.testng.internal.Invoker.invokeMethod(Invoker.java:661)
	at org.testng.internal.Invoker.invokeTestMethod(Invoker.java:869)
	at org.testng.internal.Invoker.invokeTestMethods(Invoker.java:1193)
	at org.testng.internal.TestMethodWorker.invokeTestMethods(TestMethodWorker.java:126)
	at org.testng.internal.TestMethodWorker.run(TestMethodWorker.java:109)
	at org.testng.TestRunner.privateRun(TestRunner.java:744)
	at org.testng.TestRunner.run(TestRunner.java:602)
	at org.testng.SuiteRunner.runTest(SuiteRunner.java:380)
	at org.testng.SuiteRunner.runSequentially(SuiteRunner.java:375)
	at org.testng.SuiteRunner.privateRun(SuiteRunner.java:340)
	at org.testng.SuiteRunner.run(SuiteRunner.java:289)
	at org.testng.SuiteRunnerWorker.runSuite(SuiteRunnerWorker.java:52)
	at org.testng.SuiteRunnerWorker.run(SuiteRunnerWorker.java:86)
	at org.testng.TestNG.runSuitesSequentially(TestNG.java:1301)
	at org.testng.TestNG.runSuitesLocally(TestNG.java:1226)
	at org.testng.TestNG.runSuites(TestNG.java:1144)
	at org.testng.TestNG.run(TestNG.java:1115)
	at Framework.TestNGXML.xml(TestNGXML.java:184)
	at Framework.TestNGXML.main(TestNGXML.java:203)
	at java.base/jdk.internal.reflect.NativeMethodAccessorImpl.invoke0(Native Method)
	at java.base/jdk.internal.reflect.NativeMethodAccessorImpl.invoke(NativeMethodAccessorImpl.java:77)
	at java.base/jdk.internal.reflect.DelegatingMethodAccessorImpl.invoke(DelegatingMethodAccessorImpl.java:43)
	at java.base/java.lang.reflect.Method.invoke(Method.java:569)
	at org.codehaus.mojo.exec.ExecJavaMojo$1.run(ExecJavaMojo.java:282)
	at java.base/java.lang.Thread.run(Thread.java:840)
</pre></td>
                                                                   </tr>
                                                                   <tr class="fail">
                                                                       <td>2024-11-08 03:46:53</td>
                                                                       <td><span class="exception-link linked" extentid="6a4796b0-b982-4c0d-9e97-c2945b9eedcc">C2644_Patient2_ValidateNewAppointment</span></td>
                                                                       <td><pre class="exception-message">java.lang.AssertionError: expected [true] but found [false]
	at org.testng.Assert.fail(Assert.java:93)
	at org.testng.Assert.failNotEquals(Assert.java:512)
	at org.testng.Assert.assertTrue(Assert.java:41)
	at org.testng.Assert.assertTrue(Assert.java:51)
	at Pages.PatientAppointmentsPage.validateScheduledAppointments(PatientAppointmentsPage.java:189)
	at ProviderMultiOrganization.C2644_Patient2_ValidateNewAppointment.patientCreation(C2644_Patient2_ValidateNewAppointment.java:36)
	at java.base/jdk.internal.reflect.NativeMethodAccessorImpl.invoke0(Native Method)
	at java.base/jdk.internal.reflect.NativeMethodAccessorImpl.invoke(NativeMethodAccessorImpl.java:77)
	at java.base/jdk.internal.reflect.DelegatingMethodAccessorImpl.invoke(DelegatingMethodAccessorImpl.java:43)
	at java.base/java.lang.reflect.Method.invoke(Method.java:569)
	at org.testng.internal.MethodInvocationHelper.invokeMethod(MethodInvocationHelper.java:108)
	at org.testng.internal.Invoker.invokeMethod(Invoker.java:661)
	at org.testng.internal.Invoker.invokeTestMethod(Invoker.java:869)
	at org.testng.internal.Invoker.invokeTestMethods(Invoker.java:1193)
	at org.testng.internal.TestMethodWorker.invokeTestMethods(TestMethodWorker.java:126)
	at org.testng.internal.TestMethodWorker.run(TestMethodWorker.java:109)
	at org.testng.TestRunner.privateRun(TestRunner.java:744)
	at org.testng.TestRunner.run(TestRunner.java:602)
	at org.testng.SuiteRunner.runTest(SuiteRunner.java:380)
	at org.testng.SuiteRunner.runSequentially(SuiteRunner.java:375)
	at org.testng.SuiteRunner.privateRun(SuiteRunner.java:340)
	at org.testng.SuiteRunner.run(SuiteRunner.java:289)
	at org.testng.SuiteRunnerWorker.runSuite(SuiteRunnerWorker.java:52)
	at org.testng.SuiteRunnerWorker.run(SuiteRunnerWorker.java:86)
	at org.testng.TestNG.runSuitesSequentially(TestNG.java:1301)
	at org.testng.TestNG.runSuitesLocally(TestNG.java:1226)
	at org.testng.TestNG.runSuites(TestNG.java:1144)
	at org.testng.TestNG.run(TestNG.java:1115)
	at Framework.TestNGXML.xml(TestNGXML.java:184)
	at Framework.TestNGXML.main(TestNGXML.java:203)
	at java.base/jdk.internal.reflect.NativeMethodAccessorImpl.invoke0(Native Method)
	at java.base/jdk.internal.reflect.NativeMethodAccessorImpl.invoke(NativeMethodAccessorImpl.java:77)
	at java.base/jdk.internal.reflect.DelegatingMethodAccessorImpl.invoke(DelegatingMethodAccessorImpl.java:43)
	at java.base/java.lang.reflect.Method.invoke(Method.java:569)
	at org.codehaus.mojo.exec.ExecJavaMojo$1.run(ExecJavaMojo.java:282)
	at java.base/java.lang.Thread.run(Thread.java:840)
</pre></td>
                                                                   </tr>
                                                                   <tr class="fail">
                                                                       <td>2024-11-08 03:52:29</td>
                                                                       <td><span class="exception-link linked" extentid="8031e697-77d4-4f2b-856a-0b2940bb1d5d">C232612_Provider_Block_Time</span></td>
                                                                       <td><pre class="exception-message">java.lang.AssertionError: Unable to locate the element
	at org.testng.Assert.fail(Assert.java:93)
	at Pages.WebAction.element(WebAction.java:1314)
	at Pages.ProviderAppointmentsPage.clickEditBlockTime(ProviderAppointmentsPage.java:468)
	at ExistingProviderExistingPatient.C232612_Provider_Block_Time.patientCreation(C232612_Provider_Block_Time.java:45)
	at java.base/jdk.internal.reflect.NativeMethodAccessorImpl.invoke0(Native Method)
	at java.base/jdk.internal.reflect.NativeMethodAccessorImpl.invoke(NativeMethodAccessorImpl.java:77)
	at java.base/jdk.internal.reflect.DelegatingMethodAccessorImpl.invoke(DelegatingMethodAccessorImpl.java:43)
	at java.base/java.lang.reflect.Method.invoke(Method.java:569)
	at org.testng.internal.MethodInvocationHelper.invokeMethod(MethodInvocationHelper.java:108)
	at org.testng.internal.Invoker.invokeMethod(Invoker.java:661)
	at org.testng.internal.Invoker.invokeTestMethod(Invoker.java:869)
	at org.testng.internal.Invoker.invokeTestMethods(Invoker.java:1193)
	at org.testng.internal.TestMethodWorker.invokeTestMethods(TestMethodWorker.java:126)
	at org.testng.internal.TestMethodWorker.run(TestMethodWorker.java:109)
	at org.testng.TestRunner.privateRun(TestRunner.java:744)
	at org.testng.TestRunner.run(TestRunner.java:602)
	at org.testng.SuiteRunner.runTest(SuiteRunner.java:380)
	at org.testng.SuiteRunner.runSequentially(SuiteRunner.java:375)
	at org.testng.SuiteRunner.privateRun(SuiteRunner.java:340)
	at org.testng.SuiteRunner.run(SuiteRunner.java:289)
	at org.testng.SuiteRunnerWorker.runSuite(SuiteRunnerWorker.java:52)
	at org.testng.SuiteRunnerWorker.run(SuiteRunnerWorker.java:86)
	at org.testng.TestNG.runSuitesSequentially(TestNG.java:1301)
	at org.testng.TestNG.runSuitesLocally(TestNG.java:1226)
	at org.testng.TestNG.runSuites(TestNG.java:1144)
	at org.testng.TestNG.run(TestNG.java:1115)
	at Framework.TestNGXML.xml(TestNGXML.java:184)
	at Framework.TestNGXML.main(TestNGXML.java:203)
	at java.base/jdk.internal.reflect.NativeMethodAccessorImpl.invoke0(Native Method)
	at java.base/jdk.internal.reflect.NativeMethodAccessorImpl.invoke(NativeMethodAccessorImpl.java:77)
	at java.base/jdk.internal.reflect.DelegatingMethodAccessorImpl.invoke(DelegatingMethodAccessorImpl.java:43)
	at java.base/java.lang.reflect.Method.invoke(Method.java:569)
	at org.codehaus.mojo.exec.ExecJavaMojo$1.run(ExecJavaMojo.java:282)
	at java.base/java.lang.Thread.run(Thread.java:840)
</pre></td>
                                                                   </tr>
                                                            </tbody>
														</table>
													</div>
												</div></div>
							</div>
						</div>
					</div>
				</div>
			<!-- /exceptions -->
			
			<!-- testrunner logs -->
			<!-- /testrunner logs -->
			
		</div>
		<!-- /container -->
		
		<!-- test dashboard counts setting -->
		<div id="test-count-setting" class="modal bottom-sheet"> 
			<div class="modal-content"> 
				<h5>Configure Tests Count Setting</h5> 
				<input name="test-count-setting" type="radio" id="parentWithoutNodes" class="with-gap"> 
				<label for="parentWithoutNodes">Parent Tests Only (Does not include child nodes in counts)</label> 
				<br> 
				<input name="test-count-setting" type="radio" id="parentWithoutNodesAndNodes" class="with-gap"> 
				<label for="parentWithoutNodesAndNodes">Parent Tests Without Child Tests + Child Tests</label> 
				<br> 
				<input name="test-count-setting" type="radio" id="childNodes" class="with-gap"> 
				<label for="childNodes">Child Tests Only</label> 
			</div> 
			<div class="modal-footer"> 
				<a href="https://output.circle-artifacts.com/output/job/e0e55c0c-6f53-4fb3-8a61-18e8ec11dfe4/artifacts/0/app/src/reports/2024-11-08-03-12/2024-11-08-03-12.html#!" class="modal-action modal-close waves-effect waves-green btn">Save</a> 
			</div> 
		</div>
		<!-- /test dashboard counts setting -->
		
		<!-- filter for step status -->
		<div id="step-status-filter" class="modal bottom-sheet"> 
			<div class="modal-content"> 
				<h5>Select status</h5> 
				<input checked="" class="filled-in" type="checkbox" id="step-dashboard-filter-pass"> 
				<label for="step-dashboard-filter-pass">Pass</label> 
				<br> 
				<input checked="" class="filled-in" type="checkbox" id="step-dashboard-filter-fail"> 
				<label for="step-dashboard-filter-fail">Fail</label> 
				<br> 
				<input checked="" class="filled-in" type="checkbox" id="step-dashboard-filter-fatal"> 
				<label for="step-dashboard-filter-fatal">Fatal</label> 
				<br> 
				<input checked="" class="filled-in" type="checkbox" id="step-dashboard-filter-error"> 
				<label for="step-dashboard-filter-error">Error</label> 
				<br> 
				<input checked="" class="filled-in" type="checkbox" id="step-dashboard-filter-warning"> 
				<label for="step-dashboard-filter-warning">Warning</label> 
				<br> 
				<input checked="" class="filled-in" type="checkbox" id="step-dashboard-filter-skip"> 
				<label for="step-dashboard-filter-skip">Skipped</label> 
				<br> 
				<input checked="" class="filled-in" type="checkbox" id="step-dashboard-filter-info"> 
				<label for="step-dashboard-filter-info">Info</label> 
				<br> 
				<input checked="" class="filled-in" type="checkbox" id="step-dashboard-filter-unknown"> 
				<label for="step-dashboard-filter-unknown">Unknown</label> 
			</div>
			<div class="modal-footer"> 
				<a href="https://output.circle-artifacts.com/output/job/e0e55c0c-6f53-4fb3-8a61-18e8ec11dfe4/artifacts/0/app/src/reports/2024-11-08-03-12/2024-11-08-03-12.html#!" class="modal-action modal-close waves-effect waves-green btn">Save</a> 
			</div> 
		</div>
		<!-- /filter for step status -->
		
		<script src="08-11-2024UatPackNew_files/extent.js.download" type="text/javascript"></script>

		<script>$(document).ready(function() { $('.logo span').html('ExtentReports'); });</script>
		<script>
				
            
                $(document).ready(function() {
                    
                });
            
        
		</script>
	

<div class="hiddendiv common"></div></body></html>